{"meta": {"format": 3, "version": "7.10.7", "timestamp": "2025-10-13T08:56:58.187279", "branch_coverage": false, "show_contexts": false}, "files": {"python_postman/__init__.py": {"executed_lines": [1, 19, 20, 23, 24, 25, 26, 27, 28, 29, 30, 31, 32, 33, 34, 37, 47, 55, 58, 61, 64, 67, 68, 89, 93, 94, 95, 96, 97, 102, 109, 113, 169, 170], "summary": {"covered_lines": 33, "num_statements": 35, "percent_covered": 94.28571428571429, "percent_covered_display": "94", "missing_lines": 2, "excluded_lines": 0}, "missing_lines": [90, 91], "excluded_lines": [], "functions": {"is_execution_available": {"executed_lines": [109], "summary": {"covered_lines": 1, "num_statements": 1, "percent_covered": 100.0, "percent_covered_display": "100", "missing_lines": 0, "excluded_lines": 0}, "missing_lines": [], "excluded_lines": []}, "": {"executed_lines": [1, 19, 20, 23, 24, 25, 26, 27, 28, 29, 30, 31, 32, 33, 34, 37, 47, 55, 58, 61, 64, 67, 68, 89, 93, 94, 95, 96, 97, 102, 113, 169, 170], "summary": {"covered_lines": 32, "num_statements": 34, "percent_covered": 94.11764705882354, "percent_covered_display": "94", "missing_lines": 2, "excluded_lines": 0}, "missing_lines": [90, 91], "excluded_lines": []}}, "classes": {"": {"executed_lines": [1, 19, 20, 23, 24, 25, 26, 27, 28, 29, 30, 31, 32, 33, 34, 37, 47, 55, 58, 61, 64, 67, 68, 89, 93, 94, 95, 96, 97, 102, 109, 113, 169, 170], "summary": {"covered_lines": 33, "num_statements": 35, "percent_covered": 94.28571428571429, "percent_covered_display": "94", "missing_lines": 2, "excluded_lines": 0}, "missing_lines": [90, 91], "excluded_lines": []}}}, "python_postman/exceptions/__init__.py": {"executed_lines": [1, 5, 6, 7, 8, 9, 11], "summary": {"covered_lines": 6, "num_statements": 6, "percent_covered": 100.0, "percent_covered_display": "100", "missing_lines": 0, "excluded_lines": 0}, "missing_lines": [], "excluded_lines": [], "functions": {"": {"executed_lines": [1, 5, 6, 7, 8, 9, 11], "summary": {"covered_lines": 6, "num_statements": 6, "percent_covered": 100.0, "percent_covered_display": "100", "missing_lines": 0, "excluded_lines": 0}, "missing_lines": [], "excluded_lines": []}}, "classes": {"": {"executed_lines": [1, 5, 6, 7, 8, 9, 11], "summary": {"covered_lines": 6, "num_statements": 6, "percent_covered": 100.0, "percent_covered_display": "100", "missing_lines": 0, "excluded_lines": 0}, "missing_lines": [], "excluded_lines": []}}}, "python_postman/exceptions/base.py": {"executed_lines": [1, 6, 7, 13, 21, 22, 23, 25, 26, 27, 28], "summary": {"covered_lines": 9, "num_statements": 9, "percent_covered": 100.0, "percent_covered_display": "100", "missing_lines": 0, "excluded_lines": 0}, "missing_lines": [], "excluded_lines": [], "functions": {"PostmanCollectionError.__init__": {"executed_lines": [21, 22, 23], "summary": {"covered_lines": 3, "num_statements": 3, "percent_covered": 100.0, "percent_covered_display": "100", "missing_lines": 0, "excluded_lines": 0}, "missing_lines": [], "excluded_lines": []}, "PostmanCollectionError.__str__": {"executed_lines": [26, 27, 28], "summary": {"covered_lines": 3, "num_statements": 3, "percent_covered": 100.0, "percent_covered_display": "100", "missing_lines": 0, "excluded_lines": 0}, "missing_lines": [], "excluded_lines": []}, "": {"executed_lines": [1, 6, 7, 13, 25], "summary": {"covered_lines": 3, "num_statements": 3, "percent_covered": 100.0, "percent_covered_display": "100", "missing_lines": 0, "excluded_lines": 0}, "missing_lines": [], "excluded_lines": []}}, "classes": {"PostmanCollectionError": {"executed_lines": [21, 22, 23, 26, 27, 28], "summary": {"covered_lines": 6, "num_statements": 6, "percent_covered": 100.0, "percent_covered_display": "100", "missing_lines": 0, "excluded_lines": 0}, "missing_lines": [], "excluded_lines": []}, "": {"executed_lines": [1, 6, 7, 13, 25], "summary": {"covered_lines": 3, "num_statements": 3, "percent_covered": 100.0, "percent_covered_display": "100", "missing_lines": 0, "excluded_lines": 0}, "missing_lines": [], "excluded_lines": []}}}, "python_postman/exceptions/file_error.py": {"executed_lines": [1, 5, 8, 9, 16], "summary": {"covered_lines": 3, "num_statements": 3, "percent_covered": 100.0, "percent_covered_display": "100", "missing_lines": 0, "excluded_lines": 0}, "missing_lines": [], "excluded_lines": [], "functions": {"": {"executed_lines": [1, 5, 8, 9, 16], "summary": {"covered_lines": 3, "num_statements": 3, "percent_covered": 100.0, "percent_covered_display": "100", "missing_lines": 0, "excluded_lines": 0}, "missing_lines": [], "excluded_lines": []}}, "classes": {"CollectionFileError": {"executed_lines": [], "summary": {"covered_lines": 0, "num_statements": 0, "percent_covered": 100.0, "percent_covered_display": "100", "missing_lines": 0, "excluded_lines": 0}, "missing_lines": [], "excluded_lines": []}, "": {"executed_lines": [1, 5, 8, 9, 16], "summary": {"covered_lines": 3, "num_statements": 3, "percent_covered": 100.0, "percent_covered_display": "100", "missing_lines": 0, "excluded_lines": 0}, "missing_lines": [], "excluded_lines": []}}}, "python_postman/exceptions/parse_error.py": {"executed_lines": [1, 5, 8, 9, 16], "summary": {"covered_lines": 3, "num_statements": 3, "percent_covered": 100.0, "percent_covered_display": "100", "missing_lines": 0, "excluded_lines": 0}, "missing_lines": [], "excluded_lines": [], "functions": {"": {"executed_lines": [1, 5, 8, 9, 16], "summary": {"covered_lines": 3, "num_statements": 3, "percent_covered": 100.0, "percent_covered_display": "100", "missing_lines": 0, "excluded_lines": 0}, "missing_lines": [], "excluded_lines": []}}, "classes": {"CollectionParseError": {"executed_lines": [], "summary": {"covered_lines": 0, "num_statements": 0, "percent_covered": 100.0, "percent_covered_display": "100", "missing_lines": 0, "excluded_lines": 0}, "missing_lines": [], "excluded_lines": []}, "": {"executed_lines": [1, 5, 8, 9, 16], "summary": {"covered_lines": 3, "num_statements": 3, "percent_covered": 100.0, "percent_covered_display": "100", "missing_lines": 0, "excluded_lines": 0}, "missing_lines": [], "excluded_lines": []}}}, "python_postman/exceptions/schema_error.py": {"executed_lines": [1, 5, 8, 9, 18, 27, 28, 29, 30, 31, 33, 34, 35], "summary": {"covered_lines": 11, "num_statements": 11, "percent_covered": 100.0, "percent_covered_display": "100", "missing_lines": 0, "excluded_lines": 0}, "missing_lines": [], "excluded_lines": [], "functions": {"SchemaVersionError.__init__": {"executed_lines": [27, 28, 29, 30, 31, 33, 34, 35], "summary": {"covered_lines": 8, "num_statements": 8, "percent_covered": 100.0, "percent_covered_display": "100", "missing_lines": 0, "excluded_lines": 0}, "missing_lines": [], "excluded_lines": []}, "": {"executed_lines": [1, 5, 8, 9, 18], "summary": {"covered_lines": 3, "num_statements": 3, "percent_covered": 100.0, "percent_covered_display": "100", "missing_lines": 0, "excluded_lines": 0}, "missing_lines": [], "excluded_lines": []}}, "classes": {"SchemaVersionError": {"executed_lines": [27, 28, 29, 30, 31, 33, 34, 35], "summary": {"covered_lines": 8, "num_statements": 8, "percent_covered": 100.0, "percent_covered_display": "100", "missing_lines": 0, "excluded_lines": 0}, "missing_lines": [], "excluded_lines": []}, "": {"executed_lines": [1, 5, 8, 9, 18], "summary": {"covered_lines": 3, "num_statements": 3, "percent_covered": 100.0, "percent_covered_display": "100", "missing_lines": 0, "excluded_lines": 0}, "missing_lines": [], "excluded_lines": []}}}, "python_postman/exceptions/validation_error.py": {"executed_lines": [1, 5, 8, 9, 16], "summary": {"covered_lines": 3, "num_statements": 3, "percent_covered": 100.0, "percent_covered_display": "100", "missing_lines": 0, "excluded_lines": 0}, "missing_lines": [], "excluded_lines": [], "functions": {"": {"executed_lines": [1, 5, 8, 9, 16], "summary": {"covered_lines": 3, "num_statements": 3, "percent_covered": 100.0, "percent_covered_display": "100", "missing_lines": 0, "excluded_lines": 0}, "missing_lines": [], "excluded_lines": []}}, "classes": {"CollectionValidationError": {"executed_lines": [], "summary": {"covered_lines": 0, "num_statements": 0, "percent_covered": 100.0, "percent_covered_display": "100", "missing_lines": 0, "excluded_lines": 0}, "missing_lines": [], "excluded_lines": []}, "": {"executed_lines": [1, 5, 8, 9, 16], "summary": {"covered_lines": 3, "num_statements": 3, "percent_covered": 100.0, "percent_covered_display": "100", "missing_lines": 0, "excluded_lines": 0}, "missing_lines": [], "excluded_lines": []}}}, "python_postman/execution/__init__.py": {"executed_lines": [1, 12, 13, 14, 15, 18, 27, 28, 29, 32, 41], "summary": {"covered_lines": 10, "num_statements": 10, "percent_covered": 100.0, "percent_covered_display": "100", "missing_lines": 0, "excluded_lines": 0}, "missing_lines": [], "excluded_lines": [], "functions": {"": {"executed_lines": [1, 12, 13, 14, 15, 18, 27, 28, 29, 32, 41], "summary": {"covered_lines": 10, "num_statements": 10, "percent_covered": 100.0, "percent_covered_display": "100", "missing_lines": 0, "excluded_lines": 0}, "missing_lines": [], "excluded_lines": []}}, "classes": {"": {"executed_lines": [1, 12, 13, 14, 15, 18, 27, 28, 29, 32, 41], "summary": {"covered_lines": 10, "num_statements": 10, "percent_covered": 100.0, "percent_covered_display": "100", "missing_lines": 0, "excluded_lines": 0}, "missing_lines": [], "excluded_lines": []}}}, "python_postman/execution/auth_handler.py": {"executed_lines": [1, 9, 10, 11, 12, 13, 16, 17, 24, 46, 48, 49, 51, 53, 54, 55, 56, 57, 58, 59, 60, 61, 62, 63, 64, 67, 69, 70, 71, 77, 93, 94, 98, 99, 100, 107, 108, 109, 110, 116, 117, 123, 125, 141, 142, 146, 147, 148, 152, 153, 156, 157, 160, 163, 164, 170, 171, 172, 180, 182, 199, 200, 204, 205, 206, 210, 211, 212, 214, 215, 219, 220, 227, 228, 229, 230, 231, 236, 237, 238, 239, 241], "summary": {"covered_lines": 80, "num_statements": 83, "percent_covered": 96.3855421686747, "percent_covered_display": "96", "missing_lines": 3, "excluded_lines": 0}, "missing_lines": [72, 175, 176], "excluded_lines": [], "functions": {"AuthHandler.apply_auth": {"executed_lines": [46, 48, 49, 51, 53, 54, 55, 56, 57, 58, 59, 60, 61, 62, 63, 64, 67, 69, 70, 71], "summary": {"covered_lines": 20, "num_statements": 21, "percent_covered": 95.23809523809524, "percent_covered_display": "95", "missing_lines": 1, "excluded_lines": 0}, "missing_lines": [72], "excluded_lines": []}, "AuthHandler.process_bearer_auth": {"executed_lines": [93, 94, 98, 99, 100, 107, 108, 109, 110, 116, 117, 123], "summary": {"covered_lines": 12, "num_statements": 12, "percent_covered": 100.0, "percent_covered_display": "100", "missing_lines": 0, "excluded_lines": 0}, "missing_lines": [], "excluded_lines": []}, "AuthHandler.process_basic_auth": {"executed_lines": [141, 142, 146, 147, 148, 152, 153, 156, 157, 160, 163, 164, 170, 171, 172, 180], "summary": {"covered_lines": 16, "num_statements": 18, "percent_covered": 88.88888888888889, "percent_covered_display": "89", "missing_lines": 2, "excluded_lines": 0}, "missing_lines": [175, 176], "excluded_lines": []}, "AuthHandler.process_api_key_auth": {"executed_lines": [199, 200, 204, 205, 206, 210, 211, 212, 214, 215, 219, 220, 227, 228, 229, 230, 231, 236, 237, 238, 239, 241], "summary": {"covered_lines": 22, "num_statements": 22, "percent_covered": 100.0, "percent_covered_display": "100", "missing_lines": 0, "excluded_lines": 0}, "missing_lines": [], "excluded_lines": []}, "": {"executed_lines": [1, 9, 10, 11, 12, 13, 16, 17, 24, 77, 125, 182], "summary": {"covered_lines": 10, "num_statements": 10, "percent_covered": 100.0, "percent_covered_display": "100", "missing_lines": 0, "excluded_lines": 0}, "missing_lines": [], "excluded_lines": []}}, "classes": {"AuthHandler": {"executed_lines": [46, 48, 49, 51, 53, 54, 55, 56, 57, 58, 59, 60, 61, 62, 63, 64, 67, 69, 70, 71, 93, 94, 98, 99, 100, 107, 108, 109, 110, 116, 117, 123, 141, 142, 146, 147, 148, 152, 153, 156, 157, 160, 163, 164, 170, 171, 172, 180, 199, 200, 204, 205, 206, 210, 211, 212, 214, 215, 219, 220, 227, 228, 229, 230, 231, 236, 237, 238, 239, 241], "summary": {"covered_lines": 70, "num_statements": 73, "percent_covered": 95.89041095890411, "percent_covered_display": "96", "missing_lines": 3, "excluded_lines": 0}, "missing_lines": [72, 175, 176], "excluded_lines": []}, "": {"executed_lines": [1, 9, 10, 11, 12, 13, 16, 17, 24, 77, 125, 182], "summary": {"covered_lines": 10, "num_statements": 10, "percent_covered": 100.0, "percent_covered_display": "100", "missing_lines": 0, "excluded_lines": 0}, "missing_lines": [], "excluded_lines": []}}}, "python_postman/execution/context.py": {"executed_lines": [1, 3, 4, 5, 6, 9, 10, 47, 62, 63, 64, 65, 69, 74, 78, 88, 89, 92, 93, 96, 97, 100, 101, 103, 105, 107, 114, 125, 126, 127, 128, 129, 130, 131, 132, 134, 138, 194, 195, 197, 198, 200, 202, 205, 206, 208, 209, 212, 213, 217, 220, 221, 224, 227, 228, 248, 250, 252, 255, 256, 258, 259, 264, 266, 277, 284, 293, 295, 301, 304, 305, 306, 307, 309, 311, 320, 322, 324, 325, 326, 329, 333, 335, 341], "summary": {"covered_lines": 82, "num_statements": 93, "percent_covered": 88.17204301075269, "percent_covered_display": "88", "missing_lines": 11, "excluded_lines": 0}, "missing_lines": [230, 231, 234, 235, 239, 242, 243, 246, 321, 323, 327], "excluded_lines": [], "functions": {"ExecutionContext.__init__": {"executed_lines": [62, 63, 64, 65, 69, 74], "summary": {"covered_lines": 6, "num_statements": 6, "percent_covered": 100.0, "percent_covered_display": "100", "missing_lines": 0, "excluded_lines": 0}, "missing_lines": [], "excluded_lines": []}, "ExecutionContext.get_variable": {"executed_lines": [88, 89, 92, 93, 96, 97, 100, 101, 103], "summary": {"covered_lines": 9, "num_statements": 9, "percent_covered": 100.0, "percent_covered_display": "100", "missing_lines": 0, "excluded_lines": 0}, "missing_lines": [], "excluded_lines": []}, "ExecutionContext._variable_exists": {"executed_lines": [107], "summary": {"covered_lines": 1, "num_statements": 1, "percent_covered": 100.0, "percent_covered_display": "100", "missing_lines": 0, "excluded_lines": 0}, "missing_lines": [], "excluded_lines": []}, "ExecutionContext.set_variable": {"executed_lines": [125, 126, 127, 128, 129, 130, 131, 132, 134], "summary": {"covered_lines": 9, "num_statements": 9, "percent_covered": 100.0, "percent_covered_display": "100", "missing_lines": 0, "excluded_lines": 0}, "missing_lines": [], "excluded_lines": []}, "ExecutionContext.resolve_variables": {"executed_lines": [194, 195, 197, 198, 200, 202, 205, 206, 208, 209, 212, 213, 217, 220, 221, 224, 227, 228, 248, 250, 252, 255, 256, 258, 259, 264], "summary": {"covered_lines": 26, "num_statements": 34, "percent_covered": 76.47058823529412, "percent_covered_display": "76", "missing_lines": 8, "excluded_lines": 0}, "missing_lines": [230, 231, 234, 235, 239, 242, 243, 246], "excluded_lines": []}, "ExecutionContext.create_child_context": {"executed_lines": [277], "summary": {"covered_lines": 1, "num_statements": 1, "percent_covered": 100.0, "percent_covered_display": "100", "missing_lines": 0, "excluded_lines": 0}, "missing_lines": [], "excluded_lines": []}, "ExecutionContext.has_variable": {"executed_lines": [293], "summary": {"covered_lines": 1, "num_statements": 1, "percent_covered": 100.0, "percent_covered_display": "100", "missing_lines": 0, "excluded_lines": 0}, "missing_lines": [], "excluded_lines": []}, "ExecutionContext.get_all_variables": {"executed_lines": [301, 304, 305, 306, 307, 309], "summary": {"covered_lines": 6, "num_statements": 6, "percent_covered": 100.0, "percent_covered_display": "100", "missing_lines": 0, "excluded_lines": 0}, "missing_lines": [], "excluded_lines": []}, "ExecutionContext.clear_scope": {"executed_lines": [320, 322, 324, 325, 326, 329], "summary": {"covered_lines": 6, "num_statements": 9, "percent_covered": 66.66666666666667, "percent_covered_display": "67", "missing_lines": 3, "excluded_lines": 0}, "missing_lines": [321, 323, 327], "excluded_lines": []}, "ExecutionContext.__repr__": {"executed_lines": [335, 341], "summary": {"covered_lines": 2, "num_statements": 2, "percent_covered": 100.0, "percent_covered_display": "100", "missing_lines": 0, "excluded_lines": 0}, "missing_lines": [], "excluded_lines": []}, "": {"executed_lines": [1, 3, 4, 5, 6, 9, 10, 47, 78, 105, 114, 138, 266, 284, 295, 311, 333], "summary": {"covered_lines": 15, "num_statements": 15, "percent_covered": 100.0, "percent_covered_display": "100", "missing_lines": 0, "excluded_lines": 0}, "missing_lines": [], "excluded_lines": []}}, "classes": {"ExecutionContext": {"executed_lines": [62, 63, 64, 65, 69, 74, 88, 89, 92, 93, 96, 97, 100, 101, 103, 107, 125, 126, 127, 128, 129, 130, 131, 132, 134, 194, 195, 197, 198, 200, 202, 205, 206, 208, 209, 212, 213, 217, 220, 221, 224, 227, 228, 248, 250, 252, 255, 256, 258, 259, 264, 277, 293, 301, 304, 305, 306, 307, 309, 320, 322, 324, 325, 326, 329, 335, 341], "summary": {"covered_lines": 67, "num_statements": 78, "percent_covered": 85.8974358974359, "percent_covered_display": "86", "missing_lines": 11, "excluded_lines": 0}, "missing_lines": [230, 231, 234, 235, 239, 242, 243, 246, 321, 323, 327], "excluded_lines": []}, "": {"executed_lines": [1, 3, 4, 5, 6, 9, 10, 47, 78, 105, 114, 138, 266, 284, 295, 311, 333], "summary": {"covered_lines": 15, "num_statements": 15, "percent_covered": 100.0, "percent_covered_display": "100", "missing_lines": 0, "excluded_lines": 0}, "missing_lines": [], "excluded_lines": []}}}, "python_postman/execution/exceptions.py": {"executed_lines": [1, 9, 10, 13, 14, 20, 28, 31, 32, 39, 55, 56, 57, 58, 59, 61, 62, 63, 66, 67, 74, 90, 91, 92, 93, 94, 96, 97, 98, 101, 102, 109, 127, 128, 129, 130, 131, 132, 133, 135, 136, 137, 138, 141, 142, 149, 165, 166, 167, 168, 169, 171, 172, 173, 176, 177, 184, 200, 201, 202, 203, 204, 206, 207, 208], "summary": {"covered_lines": 58, "num_statements": 58, "percent_covered": 100.0, "percent_covered_display": "100", "missing_lines": 0, "excluded_lines": 0}, "missing_lines": [], "excluded_lines": [], "functions": {"ExecutionError.__init__": {"executed_lines": [28], "summary": {"covered_lines": 1, "num_statements": 1, "percent_covered": 100.0, "percent_covered_display": "100", "missing_lines": 0, "excluded_lines": 0}, "missing_lines": [], "excluded_lines": []}, "RequestExecutionError.__init__": {"executed_lines": [55, 56, 57, 58, 59, 61, 62, 63], "summary": {"covered_lines": 8, "num_statements": 8, "percent_covered": 100.0, "percent_covered_display": "100", "missing_lines": 0, "excluded_lines": 0}, "missing_lines": [], "excluded_lines": []}, "VariableResolutionError.__init__": {"executed_lines": [90, 91, 92, 93, 94, 96, 97, 98], "summary": {"covered_lines": 8, "num_statements": 8, "percent_covered": 100.0, "percent_covered_display": "100", "missing_lines": 0, "excluded_lines": 0}, "missing_lines": [], "excluded_lines": []}, "ScriptExecutionError.__init__": {"executed_lines": [127, 128, 129, 130, 131, 132, 133, 135, 136, 137, 138], "summary": {"covered_lines": 11, "num_statements": 11, "percent_covered": 100.0, "percent_covered_display": "100", "missing_lines": 0, "excluded_lines": 0}, "missing_lines": [], "excluded_lines": []}, "AuthenticationError.__init__": {"executed_lines": [165, 166, 167, 168, 169, 171, 172, 173], "summary": {"covered_lines": 8, "num_statements": 8, "percent_covered": 100.0, "percent_covered_display": "100", "missing_lines": 0, "excluded_lines": 0}, "missing_lines": [], "excluded_lines": []}, "TimeoutError.__init__": {"executed_lines": [200, 201, 202, 203, 204, 206, 207, 208], "summary": {"covered_lines": 8, "num_statements": 8, "percent_covered": 100.0, "percent_covered_display": "100", "missing_lines": 0, "excluded_lines": 0}, "missing_lines": [], "excluded_lines": []}, "": {"executed_lines": [1, 9, 10, 13, 14, 20, 31, 32, 39, 66, 67, 74, 101, 102, 109, 141, 142, 149, 176, 177, 184], "summary": {"covered_lines": 14, "num_statements": 14, "percent_covered": 100.0, "percent_covered_display": "100", "missing_lines": 0, "excluded_lines": 0}, "missing_lines": [], "excluded_lines": []}}, "classes": {"ExecutionError": {"executed_lines": [28], "summary": {"covered_lines": 1, "num_statements": 1, "percent_covered": 100.0, "percent_covered_display": "100", "missing_lines": 0, "excluded_lines": 0}, "missing_lines": [], "excluded_lines": []}, "RequestExecutionError": {"executed_lines": [55, 56, 57, 58, 59, 61, 62, 63], "summary": {"covered_lines": 8, "num_statements": 8, "percent_covered": 100.0, "percent_covered_display": "100", "missing_lines": 0, "excluded_lines": 0}, "missing_lines": [], "excluded_lines": []}, "VariableResolutionError": {"executed_lines": [90, 91, 92, 93, 94, 96, 97, 98], "summary": {"covered_lines": 8, "num_statements": 8, "percent_covered": 100.0, "percent_covered_display": "100", "missing_lines": 0, "excluded_lines": 0}, "missing_lines": [], "excluded_lines": []}, "ScriptExecutionError": {"executed_lines": [127, 128, 129, 130, 131, 132, 133, 135, 136, 137, 138], "summary": {"covered_lines": 11, "num_statements": 11, "percent_covered": 100.0, "percent_covered_display": "100", "missing_lines": 0, "excluded_lines": 0}, "missing_lines": [], "excluded_lines": []}, "AuthenticationError": {"executed_lines": [165, 166, 167, 168, 169, 171, 172, 173], "summary": {"covered_lines": 8, "num_statements": 8, "percent_covered": 100.0, "percent_covered_display": "100", "missing_lines": 0, "excluded_lines": 0}, "missing_lines": [], "excluded_lines": []}, "TimeoutError": {"executed_lines": [200, 201, 202, 203, 204, 206, 207, 208], "summary": {"covered_lines": 8, "num_statements": 8, "percent_covered": 100.0, "percent_covered_display": "100", "missing_lines": 0, "excluded_lines": 0}, "missing_lines": [], "excluded_lines": []}, "": {"executed_lines": [1, 9, 10, 13, 14, 20, 31, 32, 39, 66, 67, 74, 101, 102, 109, 141, 142, 149, 176, 177, 184], "summary": {"covered_lines": 14, "num_statements": 14, "percent_covered": 100.0, "percent_covered_display": "100", "missing_lines": 0, "excluded_lines": 0}, "missing_lines": [], "excluded_lines": []}}}, "python_postman/execution/executor.py": {"executed_lines": [1, 9, 10, 11, 12, 13, 14, 15, 16, 17, 18, 19, 20, 21, 22, 24, 25, 28, 29, 30, 33, 37, 38, 93, 114, 115, 120, 121, 122, 123, 126, 133, 136, 137, 144, 147, 148, 150, 152, 153, 154, 156, 158, 159, 160, 162, 182, 183, 184, 189, 190, 191, 192, 193, 196, 197, 198, 199, 200, 203, 205, 213, 216, 218, 240, 242, 243, 253, 256, 257, 258, 261, 264, 267, 268, 271, 274, 277, 278, 279, 281, 286, 290, 297, 306, 315, 318, 320, 321, 322, 323, 325, 327, 328, 329, 330, 333, 335, 337, 338, 339, 340, 341, 342, 344, 346, 348, 350, 352, 354, 356, 358, 360, 409, 410, 411, 412, 414, 416, 419, 420, 423, 428, 431, 432, 434, 436, 437, 438, 441, 444, 448, 449, 450, 452, 455, 457, 458, 461, 469, 488, 489, 490, 491, 493, 495, 498, 499, 502, 507, 510, 511, 513, 514, 515, 518, 521, 525, 526, 527, 529, 532, 534, 535, 538, 546, 597, 599, 602, 609, 610, 613, 616, 617, 619, 621, 623, 624, 625, 626, 629, 632, 633, 635, 640, 642, 645, 647, 648, 651, 652, 653, 654, 657, 658, 660, 662, 665, 667, 671, 672, 674, 676, 695, 697, 700, 703, 710, 711, 712, 713, 716, 719, 720, 721, 722, 724, 726, 728, 729, 730, 733, 736, 739, 740, 742, 747, 749, 752, 754, 755, 758, 759, 760, 761, 764, 765, 767, 769, 772, 774, 778, 779, 781], "summary": {"covered_lines": 242, "num_statements": 258, "percent_covered": 93.7984496124031, "percent_covered_display": "94", "missing_lines": 16, "excluded_lines": 1}, "missing_lines": [27, 34, 185, 186, 214, 287, 307, 308, 309, 310, 312, 316, 643, 668, 750, 775], "excluded_lines": [38], "functions": {"RequestExecutor.__init__": {"executed_lines": [114, 115, 120, 121, 122, 123, 126, 133, 136, 137, 144, 147, 148], "summary": {"covered_lines": 13, "num_statements": 13, "percent_covered": 100.0, "percent_covered_display": "100", "missing_lines": 0, "excluded_lines": 0}, "missing_lines": [], "excluded_lines": []}, "RequestExecutor._get_sync_client": {"executed_lines": [152, 153, 154], "summary": {"covered_lines": 3, "num_statements": 3, "percent_covered": 100.0, "percent_covered_display": "100", "missing_lines": 0, "excluded_lines": 0}, "missing_lines": [], "excluded_lines": []}, "RequestExecutor._get_async_client": {"executed_lines": [158, 159, 160], "summary": {"covered_lines": 3, "num_statements": 3, "percent_covered": 100.0, "percent_covered_display": "100", "missing_lines": 0, "excluded_lines": 0}, "missing_lines": [], "excluded_lines": []}, "RequestExecutor._create_execution_context": {"executed_lines": [182, 183, 184, 189, 190, 191, 192, 193, 196, 197, 198, 199, 200, 203, 205, 213, 216], "summary": {"covered_lines": 17, "num_statements": 20, "percent_covered": 85.0, "percent_covered_display": "85", "missing_lines": 3, "excluded_lines": 0}, "missing_lines": [185, 186, 214], "excluded_lines": []}, "RequestExecutor._prepare_request": {"executed_lines": [240, 242, 243, 253, 256, 257, 258, 261, 264, 267, 268, 271, 274, 277, 278, 279, 281, 286, 290, 297, 306, 315, 318, 320, 321, 322, 323], "summary": {"covered_lines": 27, "num_statements": 34, "percent_covered": 79.41176470588235, "percent_covered_display": "79", "missing_lines": 7, "excluded_lines": 0}, "missing_lines": [287, 307, 308, 309, 310, 312, 316], "excluded_lines": []}, "RequestExecutor.close": {"executed_lines": [327, 328, 329, 330, 333], "summary": {"covered_lines": 5, "num_statements": 5, "percent_covered": 100.0, "percent_covered_display": "100", "missing_lines": 0, "excluded_lines": 0}, "missing_lines": [], "excluded_lines": []}, "RequestExecutor.aclose": {"executed_lines": [337, 338, 339, 340, 341, 342], "summary": {"covered_lines": 6, "num_statements": 6, "percent_covered": 100.0, "percent_covered_display": "100", "missing_lines": 0, "excluded_lines": 0}, "missing_lines": [], "excluded_lines": []}, "RequestExecutor.__enter__": {"executed_lines": [346], "summary": {"covered_lines": 1, "num_statements": 1, "percent_covered": 100.0, "percent_covered_display": "100", "missing_lines": 0, "excluded_lines": 0}, "missing_lines": [], "excluded_lines": []}, "RequestExecutor.__exit__": {"executed_lines": [350], "summary": {"covered_lines": 1, "num_statements": 1, "percent_covered": 100.0, "percent_covered_display": "100", "missing_lines": 0, "excluded_lines": 0}, "missing_lines": [], "excluded_lines": []}, "RequestExecutor.__aenter__": {"executed_lines": [354], "summary": {"covered_lines": 1, "num_statements": 1, "percent_covered": 100.0, "percent_covered_display": "100", "missing_lines": 0, "excluded_lines": 0}, "missing_lines": [], "excluded_lines": []}, "RequestExecutor.__aexit__": {"executed_lines": [358], "summary": {"covered_lines": 1, "num_statements": 1, "percent_covered": 100.0, "percent_covered_display": "100", "missing_lines": 0, "excluded_lines": 0}, "missing_lines": [], "excluded_lines": []}, "RequestExecutor.execute_request": {"executed_lines": [409, 410, 411, 412, 414, 416, 419, 420, 423, 428, 431, 432, 434, 436, 437, 438, 441, 444, 448, 449, 450, 452, 455, 457, 458, 461], "summary": {"covered_lines": 26, "num_statements": 26, "percent_covered": 100.0, "percent_covered_display": "100", "missing_lines": 0, "excluded_lines": 0}, "missing_lines": [], "excluded_lines": []}, "RequestExecutor.execute_request_sync": {"executed_lines": [488, 489, 490, 491, 493, 495, 498, 499, 502, 507, 510, 511, 513, 514, 515, 518, 521, 525, 526, 527, 529, 532, 534, 535, 538], "summary": {"covered_lines": 25, "num_statements": 25, "percent_covered": 100.0, "percent_covered_display": "100", "missing_lines": 0, "excluded_lines": 0}, "missing_lines": [], "excluded_lines": []}, "RequestExecutor.execute_collection": {"executed_lines": [597, 599, 602, 609, 610, 613, 616, 617, 619, 621, 623, 624, 625, 626, 629, 632, 633, 635, 640, 642, 645, 647, 648, 651, 652, 653, 654, 657, 658, 660, 662, 665, 667, 671, 672, 674], "summary": {"covered_lines": 36, "num_statements": 38, "percent_covered": 94.73684210526316, "percent_covered_display": "95", "missing_lines": 2, "excluded_lines": 0}, "missing_lines": [643, 668], "excluded_lines": []}, "RequestExecutor.execute_folder": {"executed_lines": [695, 697, 700, 703, 710, 711, 712, 713, 716, 719, 720, 721, 722, 724, 726, 728, 729, 730, 733, 736, 739, 740, 742, 747, 749, 752, 754, 755, 758, 759, 760, 761, 764, 765, 767, 769, 772, 774, 778, 779, 781], "summary": {"covered_lines": 41, "num_statements": 43, "percent_covered": 95.34883720930233, "percent_covered_display": "95", "missing_lines": 2, "excluded_lines": 0}, "missing_lines": [750, 775], "excluded_lines": []}, "": {"executed_lines": [1, 9, 10, 11, 12, 13, 14, 15, 16, 17, 18, 19, 20, 21, 22, 24, 25, 28, 29, 30, 33, 37, 38, 93, 150, 156, 162, 218, 325, 335, 344, 348, 352, 356, 360, 469, 546, 676], "summary": {"covered_lines": 36, "num_statements": 38, "percent_covered": 94.73684210526316, "percent_covered_display": "95", "missing_lines": 2, "excluded_lines": 1}, "missing_lines": [27, 34], "excluded_lines": [38]}}, "classes": {"RequestExecutor": {"executed_lines": [114, 115, 120, 121, 122, 123, 126, 133, 136, 137, 144, 147, 148, 152, 153, 154, 158, 159, 160, 182, 183, 184, 189, 190, 191, 192, 193, 196, 197, 198, 199, 200, 203, 205, 213, 216, 240, 242, 243, 253, 256, 257, 258, 261, 264, 267, 268, 271, 274, 277, 278, 279, 281, 286, 290, 297, 306, 315, 318, 320, 321, 322, 323, 327, 328, 329, 330, 333, 337, 338, 339, 340, 341, 342, 346, 350, 354, 358, 409, 410, 411, 412, 414, 416, 419, 420, 423, 428, 431, 432, 434, 436, 437, 438, 441, 444, 448, 449, 450, 452, 455, 457, 458, 461, 488, 489, 490, 491, 493, 495, 498, 499, 502, 507, 510, 511, 513, 514, 515, 518, 521, 525, 526, 527, 529, 532, 534, 535, 538, 597, 599, 602, 609, 610, 613, 616, 617, 619, 621, 623, 624, 625, 626, 629, 632, 633, 635, 640, 642, 645, 647, 648, 651, 652, 653, 654, 657, 658, 660, 662, 665, 667, 671, 672, 674, 695, 697, 700, 703, 710, 711, 712, 713, 716, 719, 720, 721, 722, 724, 726, 728, 729, 730, 733, 736, 739, 740, 742, 747, 749, 752, 754, 755, 758, 759, 760, 761, 764, 765, 767, 769, 772, 774, 778, 779, 781], "summary": {"covered_lines": 206, "num_statements": 220, "percent_covered": 93.63636363636364, "percent_covered_display": "94", "missing_lines": 14, "excluded_lines": 0}, "missing_lines": [185, 186, 214, 287, 307, 308, 309, 310, 312, 316, 643, 668, 750, 775], "excluded_lines": []}, "": {"executed_lines": [1, 9, 10, 11, 12, 13, 14, 15, 16, 17, 18, 19, 20, 21, 22, 24, 25, 28, 29, 30, 33, 37, 38, 93, 150, 156, 162, 218, 325, 335, 344, 348, 352, 356, 360, 469, 546, 676], "summary": {"covered_lines": 36, "num_statements": 38, "percent_covered": 94.73684210526316, "percent_covered_display": "95", "missing_lines": 2, "excluded_lines": 1}, "missing_lines": [27, 34], "excluded_lines": [38]}}}, "python_postman/execution/extensions.py": {"executed_lines": [1, 8, 9, 10, 11, 12, 14, 15, 16, 17, 18, 19, 22, 23, 64, 88, 89, 90, 91, 92, 93, 94, 95, 97, 109, 112, 113, 118, 119, 124, 125, 130, 131, 135, 137, 139, 142, 143, 145, 146, 147, 148, 149, 152, 153, 154, 155, 156, 161, 162, 165, 166, 167, 168, 169, 172, 173, 175, 178, 179, 183, 185, 189, 192, 193, 195, 196, 197, 200, 201, 203, 207, 208, 210, 212, 216, 219, 220, 222, 223, 224, 225, 228, 229, 232, 233, 235, 237, 239, 243, 244, 245, 247, 251, 252, 255, 256, 257, 258, 260, 261, 263, 264, 265, 266, 267, 272, 273, 275, 279, 282, 283, 284, 285, 286, 289, 290, 292, 293, 294, 295, 297, 299, 303, 306, 307, 308, 310, 320, 321, 323, 324, 325, 326, 328, 333, 335, 339, 342, 345, 346, 348, 349, 350, 352, 354, 356, 360, 361, 362, 371, 390, 397, 408, 409], "summary": {"covered_lines": 153, "num_statements": 180, "percent_covered": 85.0, "percent_covered_display": "85", "missing_lines": 27, "excluded_lines": 0}, "missing_lines": [150, 151, 159, 160, 217, 240, 268, 270, 304, 311, 312, 314, 315, 316, 317, 329, 331, 340, 357, 365, 366, 367, 368, 369, 384, 385, 388], "excluded_lines": [], "functions": {"RequestExtensions.__init__": {"executed_lines": [88, 89, 90, 91, 92, 93, 94, 95], "summary": {"covered_lines": 8, "num_statements": 8, "percent_covered": 100.0, "percent_covered_display": "100", "missing_lines": 0, "excluded_lines": 0}, "missing_lines": [], "excluded_lines": []}, "RequestExtensions.apply_to_request": {"executed_lines": [109, 112, 113, 118, 119, 124, 125, 130, 131, 135], "summary": {"covered_lines": 10, "num_statements": 10, "percent_covered": 100.0, "percent_covered_display": "100", "missing_lines": 0, "excluded_lines": 0}, "missing_lines": [], "excluded_lines": []}, "RequestExtensions._apply_url_extensions": {"executed_lines": [139, 142, 143, 145, 146, 147, 148, 149, 152, 153, 154, 155, 156, 161, 162, 165, 166, 167, 168, 169, 172, 173, 175, 178, 179, 183], "summary": {"covered_lines": 26, "num_statements": 30, "percent_covered": 86.66666666666667, "percent_covered_display": "87", "missing_lines": 4, "excluded_lines": 0}, "missing_lines": [150, 151, 159, 160], "excluded_lines": []}, "RequestExtensions._apply_header_extensions": {"executed_lines": [189, 192, 193, 195, 196, 197, 200, 201, 203, 207, 208, 210], "summary": {"covered_lines": 12, "num_statements": 12, "percent_covered": 100.0, "percent_covered_display": "100", "missing_lines": 0, "excluded_lines": 0}, "missing_lines": [], "excluded_lines": []}, "RequestExtensions._apply_body_extensions": {"executed_lines": [216, 219, 220, 222, 223, 224, 225, 228, 229, 232, 233, 235], "summary": {"covered_lines": 12, "num_statements": 13, "percent_covered": 92.3076923076923, "percent_covered_display": "92", "missing_lines": 1, "excluded_lines": 0}, "missing_lines": [217], "excluded_lines": []}, "RequestExtensions._apply_raw_body_extensions": {"executed_lines": [239, 243, 244, 245, 247, 251, 252, 255, 256, 257, 258, 260, 261, 263, 264, 265, 266, 267, 272, 273], "summary": {"covered_lines": 20, "num_statements": 23, "percent_covered": 86.95652173913044, "percent_covered_display": "87", "missing_lines": 3, "excluded_lines": 0}, "missing_lines": [240, 268, 270], "excluded_lines": []}, "RequestExtensions._apply_form_body_extensions": {"executed_lines": [279, 282, 283, 284, 285, 286, 289, 290, 292, 293, 294, 295, 297], "summary": {"covered_lines": 13, "num_statements": 13, "percent_covered": 100.0, "percent_covered_display": "100", "missing_lines": 0, "excluded_lines": 0}, "missing_lines": [], "excluded_lines": []}, "RequestExtensions._apply_graphql_body_extensions": {"executed_lines": [303, 306, 307, 308, 310, 320, 321, 323, 324, 325, 326, 328, 333], "summary": {"covered_lines": 13, "num_statements": 22, "percent_covered": 59.09090909090909, "percent_covered_display": "59", "missing_lines": 9, "excluded_lines": 0}, "missing_lines": [304, 311, 312, 314, 315, 316, 317, 329, 331], "excluded_lines": []}, "RequestExtensions._apply_auth_extensions": {"executed_lines": [339, 342, 345, 346, 348, 349, 350, 352], "summary": {"covered_lines": 8, "num_statements": 9, "percent_covered": 88.88888888888889, "percent_covered_display": "89", "missing_lines": 1, "excluded_lines": 0}, "missing_lines": [340], "excluded_lines": []}, "RequestExtensions._is_json_content": {"executed_lines": [356, 360, 361, 362], "summary": {"covered_lines": 4, "num_statements": 10, "percent_covered": 40.0, "percent_covered_display": "40", "missing_lines": 6, "excluded_lines": 0}, "missing_lines": [357, 365, 366, 367, 368, 369], "excluded_lines": []}, "RequestExtensions._resolve_variable_placeholders": {"executed_lines": [], "summary": {"covered_lines": 0, "num_statements": 3, "percent_covered": 0.0, "percent_covered_display": "0", "missing_lines": 3, "excluded_lines": 0}, "missing_lines": [384, 385, 388], "excluded_lines": []}, "RequestExtensions.has_modifications": {"executed_lines": [397], "summary": {"covered_lines": 1, "num_statements": 1, "percent_covered": 100.0, "percent_covered_display": "100", "missing_lines": 0, "excluded_lines": 0}, "missing_lines": [], "excluded_lines": []}, "RequestExtensions.__repr__": {"executed_lines": [409], "summary": {"covered_lines": 1, "num_statements": 1, "percent_covered": 100.0, "percent_covered_display": "100", "missing_lines": 0, "excluded_lines": 0}, "missing_lines": [], "excluded_lines": []}, "": {"executed_lines": [1, 8, 9, 10, 11, 12, 14, 15, 16, 17, 18, 19, 22, 23, 64, 97, 137, 185, 212, 237, 275, 299, 335, 354, 371, 390, 408], "summary": {"covered_lines": 25, "num_statements": 25, "percent_covered": 100.0, "percent_covered_display": "100", "missing_lines": 0, "excluded_lines": 0}, "missing_lines": [], "excluded_lines": []}}, "classes": {"RequestExtensions": {"executed_lines": [88, 89, 90, 91, 92, 93, 94, 95, 109, 112, 113, 118, 119, 124, 125, 130, 131, 135, 139, 142, 143, 145, 146, 147, 148, 149, 152, 153, 154, 155, 156, 161, 162, 165, 166, 167, 168, 169, 172, 173, 175, 178, 179, 183, 189, 192, 193, 195, 196, 197, 200, 201, 203, 207, 208, 210, 216, 219, 220, 222, 223, 224, 225, 228, 229, 232, 233, 235, 239, 243, 244, 245, 247, 251, 252, 255, 256, 257, 258, 260, 261, 263, 264, 265, 266, 267, 272, 273, 279, 282, 283, 284, 285, 286, 289, 290, 292, 293, 294, 295, 297, 303, 306, 307, 308, 310, 320, 321, 323, 324, 325, 326, 328, 333, 339, 342, 345, 346, 348, 349, 350, 352, 356, 360, 361, 362, 397, 409], "summary": {"covered_lines": 128, "num_statements": 155, "percent_covered": 82.58064516129032, "percent_covered_display": "83", "missing_lines": 27, "excluded_lines": 0}, "missing_lines": [150, 151, 159, 160, 217, 240, 268, 270, 304, 311, 312, 314, 315, 316, 317, 329, 331, 340, 357, 365, 366, 367, 368, 369, 384, 385, 388], "excluded_lines": []}, "": {"executed_lines": [1, 8, 9, 10, 11, 12, 14, 15, 16, 17, 18, 19, 22, 23, 64, 97, 137, 185, 212, 237, 275, 299, 335, 354, 371, 390, 408], "summary": {"covered_lines": 25, "num_statements": 25, "percent_covered": 100.0, "percent_covered_display": "100", "missing_lines": 0, "excluded_lines": 0}, "missing_lines": [], "excluded_lines": []}}}, "python_postman/execution/response.py": {"executed_lines": [1, 3, 4, 7, 8, 48, 61, 62, 63, 65, 66, 70, 71, 80, 81, 85, 86, 97, 98, 102, 103, 107, 108, 112, 113, 117, 118, 122, 147, 151, 155, 159, 163], "summary": {"covered_lines": 31, "num_statements": 54, "percent_covered": 57.407407407407405, "percent_covered_display": "57", "missing_lines": 23, "excluded_lines": 0}, "missing_lines": [68, 74, 75, 76, 78, 83, 95, 100, 105, 110, 115, 120, 128, 139, 140, 141, 143, 145, 149, 153, 157, 161, 165], "excluded_lines": [], "functions": {"ExecutionResponse.__init__": {"executed_lines": [61, 62, 63], "summary": {"covered_lines": 3, "num_statements": 3, "percent_covered": 100.0, "percent_covered_display": "100", "missing_lines": 0, "excluded_lines": 0}, "missing_lines": [], "excluded_lines": []}, "ExecutionResponse.status_code": {"executed_lines": [], "summary": {"covered_lines": 0, "num_statements": 1, "percent_covered": 0.0, "percent_covered_display": "0", "missing_lines": 1, "excluded_lines": 0}, "missing_lines": [68], "excluded_lines": []}, "ExecutionResponse.headers": {"executed_lines": [], "summary": {"covered_lines": 0, "num_statements": 4, "percent_covered": 0.0, "percent_covered_display": "0", "missing_lines": 4, "excluded_lines": 0}, "missing_lines": [74, 75, 76, 78], "excluded_lines": []}, "ExecutionResponse.text": {"executed_lines": [], "summary": {"covered_lines": 0, "num_statements": 1, "percent_covered": 0.0, "percent_covered_display": "0", "missing_lines": 1, "excluded_lines": 0}, "missing_lines": [83], "excluded_lines": []}, "ExecutionResponse.json": {"executed_lines": [], "summary": {"covered_lines": 0, "num_statements": 1, "percent_covered": 0.0, "percent_covered_display": "0", "missing_lines": 1, "excluded_lines": 0}, "missing_lines": [95], "excluded_lines": []}, "ExecutionResponse.content": {"executed_lines": [], "summary": {"covered_lines": 0, "num_statements": 1, "percent_covered": 0.0, "percent_covered_display": "0", "missing_lines": 1, "excluded_lines": 0}, "missing_lines": [100], "excluded_lines": []}, "ExecutionResponse.elapsed_ms": {"executed_lines": [], "summary": {"covered_lines": 0, "num_statements": 1, "percent_covered": 0.0, "percent_covered_display": "0", "missing_lines": 1, "excluded_lines": 0}, "missing_lines": [105], "excluded_lines": []}, "ExecutionResponse.elapsed_seconds": {"executed_lines": [], "summary": {"covered_lines": 0, "num_statements": 1, "percent_covered": 0.0, "percent_covered_display": "0", "missing_lines": 1, "excluded_lines": 0}, "missing_lines": [110], "excluded_lines": []}, "ExecutionResponse.url": {"executed_lines": [], "summary": {"covered_lines": 0, "num_statements": 1, "percent_covered": 0.0, "percent_covered_display": "0", "missing_lines": 1, "excluded_lines": 0}, "missing_lines": [115], "excluded_lines": []}, "ExecutionResponse.request_method": {"executed_lines": [], "summary": {"covered_lines": 0, "num_statements": 1, "percent_covered": 0.0, "percent_covered_display": "0", "missing_lines": 1, "excluded_lines": 0}, "missing_lines": [120], "excluded_lines": []}, "ExecutionResponse.to_dict": {"executed_lines": [], "summary": {"covered_lines": 0, "num_statements": 6, "percent_covered": 0.0, "percent_covered_display": "0", "missing_lines": 6, "excluded_lines": 0}, "missing_lines": [128, 139, 140, 141, 143, 145], "excluded_lines": []}, "ExecutionResponse.is_success": {"executed_lines": [], "summary": {"covered_lines": 0, "num_statements": 1, "percent_covered": 0.0, "percent_covered_display": "0", "missing_lines": 1, "excluded_lines": 0}, "missing_lines": [149], "excluded_lines": []}, "ExecutionResponse.is_redirect": {"executed_lines": [], "summary": {"covered_lines": 0, "num_statements": 1, "percent_covered": 0.0, "percent_covered_display": "0", "missing_lines": 1, "excluded_lines": 0}, "missing_lines": [153], "excluded_lines": []}, "ExecutionResponse.is_client_error": {"executed_lines": [], "summary": {"covered_lines": 0, "num_statements": 1, "percent_covered": 0.0, "percent_covered_display": "0", "missing_lines": 1, "excluded_lines": 0}, "missing_lines": [157], "excluded_lines": []}, "ExecutionResponse.is_server_error": {"executed_lines": [], "summary": {"covered_lines": 0, "num_statements": 1, "percent_covered": 0.0, "percent_covered_display": "0", "missing_lines": 1, "excluded_lines": 0}, "missing_lines": [161], "excluded_lines": []}, "ExecutionResponse.__repr__": {"executed_lines": [], "summary": {"covered_lines": 0, "num_statements": 1, "percent_covered": 0.0, "percent_covered_display": "0", "missing_lines": 1, "excluded_lines": 0}, "missing_lines": [165], "excluded_lines": []}, "": {"executed_lines": [1, 3, 4, 7, 8, 48, 65, 66, 70, 71, 80, 81, 85, 86, 97, 98, 102, 103, 107, 108, 112, 113, 117, 118, 122, 147, 151, 155, 159, 163], "summary": {"covered_lines": 28, "num_statements": 28, "percent_covered": 100.0, "percent_covered_display": "100", "missing_lines": 0, "excluded_lines": 0}, "missing_lines": [], "excluded_lines": []}}, "classes": {"ExecutionResponse": {"executed_lines": [61, 62, 63], "summary": {"covered_lines": 3, "num_statements": 26, "percent_covered": 11.538461538461538, "percent_covered_display": "12", "missing_lines": 23, "excluded_lines": 0}, "missing_lines": [68, 74, 75, 76, 78, 83, 95, 100, 105, 110, 115, 120, 128, 139, 140, 141, 143, 145, 149, 153, 157, 161, 165], "excluded_lines": []}, "": {"executed_lines": [1, 3, 4, 7, 8, 48, 65, 66, 70, 71, 80, 81, 85, 86, 97, 98, 102, 103, 107, 108, 112, 113, 117, 118, 122, 147, 151, 155, 159, 163], "summary": {"covered_lines": 28, "num_statements": 28, "percent_covered": 100.0, "percent_covered_display": "100", "missing_lines": 0, "excluded_lines": 0}, "missing_lines": [], "excluded_lines": []}}}, "python_postman/execution/results.py": {"executed_lines": [1, 9, 10, 11, 14, 15, 16, 23, 24, 25, 27, 34, 35, 36, 43, 44, 45, 47, 48, 52, 53, 59, 66, 67, 68, 70, 72, 76, 77, 78, 85, 86, 87, 88, 89, 91, 92, 94, 96, 97, 101, 113, 114, 115, 122, 123, 124, 126, 127, 131, 132, 136, 137, 141, 142, 148, 149, 159, 166, 167, 169, 177, 178, 179, 186, 187, 188, 189, 191, 192, 194, 196, 197, 199, 201, 202, 204, 206, 207, 209, 210, 211, 213, 214, 224, 231, 232, 234, 245], "summary": {"covered_lines": 83, "num_statements": 127, "percent_covered": 65.35433070866142, "percent_covered_display": "65", "missing_lines": 44, "excluded_lines": 0}, "missing_lines": [28, 29, 30, 31, 50, 55, 56, 57, 73, 99, 102, 103, 105, 106, 107, 108, 110, 129, 134, 139, 144, 145, 146, 151, 152, 153, 154, 155, 156, 157, 170, 171, 216, 217, 218, 219, 220, 221, 222, 241, 242, 243, 246, 247], "excluded_lines": [], "functions": {"TestAssertion.__str__": {"executed_lines": [], "summary": {"covered_lines": 0, "num_statements": 4, "percent_covered": 0.0, "percent_covered_display": "0", "missing_lines": 4, "excluded_lines": 0}, "missing_lines": [28, 29, 30, 31], "excluded_lines": []}, "TestResults.total": {"executed_lines": [], "summary": {"covered_lines": 0, "num_statements": 1, "percent_covered": 0.0, "percent_covered_display": "0", "missing_lines": 1, "excluded_lines": 0}, "missing_lines": [50], "excluded_lines": []}, "TestResults.success_rate": {"executed_lines": [], "summary": {"covered_lines": 0, "num_statements": 3, "percent_covered": 0.0, "percent_covered_display": "0", "missing_lines": 3, "excluded_lines": 0}, "missing_lines": [55, 56, 57], "excluded_lines": []}, "TestResults.add_assertion": {"executed_lines": [66, 67, 68, 70], "summary": {"covered_lines": 4, "num_statements": 4, "percent_covered": 100.0, "percent_covered_display": "100", "missing_lines": 0, "excluded_lines": 0}, "missing_lines": [], "excluded_lines": []}, "TestResults.__str__": {"executed_lines": [], "summary": {"covered_lines": 0, "num_statements": 1, "percent_covered": 0.0, "percent_covered_display": "0", "missing_lines": 1, "excluded_lines": 0}, "missing_lines": [73], "excluded_lines": []}, "ExecutionResult.success": {"executed_lines": [94], "summary": {"covered_lines": 1, "num_statements": 1, "percent_covered": 100.0, "percent_covered_display": "100", "missing_lines": 0, "excluded_lines": 0}, "missing_lines": [], "excluded_lines": []}, "ExecutionResult.status_code": {"executed_lines": [], "summary": {"covered_lines": 0, "num_statements": 1, "percent_covered": 0.0, "percent_covered_display": "0", "missing_lines": 1, "excluded_lines": 0}, "missing_lines": [99], "excluded_lines": []}, "ExecutionResult.__str__": {"executed_lines": [], "summary": {"covered_lines": 0, "num_statements": 7, "percent_covered": 0.0, "percent_covered_display": "0", "missing_lines": 7, "excluded_lines": 0}, "missing_lines": [102, 103, 105, 106, 107, 108, 110], "excluded_lines": []}, "FolderExecutionResult.total_requests": {"executed_lines": [], "summary": {"covered_lines": 0, "num_statements": 1, "percent_covered": 0.0, "percent_covered_display": "0", "missing_lines": 1, "excluded_lines": 0}, "missing_lines": [129], "excluded_lines": []}, "FolderExecutionResult.successful_requests": {"executed_lines": [], "summary": {"covered_lines": 0, "num_statements": 1, "percent_covered": 0.0, "percent_covered_display": "0", "missing_lines": 1, "excluded_lines": 0}, "missing_lines": [134], "excluded_lines": []}, "FolderExecutionResult.failed_requests": {"executed_lines": [], "summary": {"covered_lines": 0, "num_statements": 1, "percent_covered": 0.0, "percent_covered_display": "0", "missing_lines": 1, "excluded_lines": 0}, "missing_lines": [139], "excluded_lines": []}, "FolderExecutionResult.success_rate": {"executed_lines": [], "summary": {"covered_lines": 0, "num_statements": 3, "percent_covered": 0.0, "percent_covered_display": "0", "missing_lines": 3, "excluded_lines": 0}, "missing_lines": [144, 145, 146], "excluded_lines": []}, "FolderExecutionResult.test_results": {"executed_lines": [], "summary": {"covered_lines": 0, "num_statements": 7, "percent_covered": 0.0, "percent_covered_display": "0", "missing_lines": 7, "excluded_lines": 0}, "missing_lines": [151, 152, 153, 154, 155, 156, 157], "excluded_lines": []}, "FolderExecutionResult.add_result": {"executed_lines": [166, 167], "summary": {"covered_lines": 2, "num_statements": 2, "percent_covered": 100.0, "percent_covered_display": "100", "missing_lines": 0, "excluded_lines": 0}, "missing_lines": [], "excluded_lines": []}, "FolderExecutionResult.__str__": {"executed_lines": [], "summary": {"covered_lines": 0, "num_statements": 2, "percent_covered": 0.0, "percent_covered_display": "0", "missing_lines": 2, "excluded_lines": 0}, "missing_lines": [170, 171], "excluded_lines": []}, "CollectionExecutionResult.total_requests": {"executed_lines": [194], "summary": {"covered_lines": 1, "num_statements": 1, "percent_covered": 100.0, "percent_covered_display": "100", "missing_lines": 0, "excluded_lines": 0}, "missing_lines": [], "excluded_lines": []}, "CollectionExecutionResult.successful_requests": {"executed_lines": [199], "summary": {"covered_lines": 1, "num_statements": 1, "percent_covered": 100.0, "percent_covered_display": "100", "missing_lines": 0, "excluded_lines": 0}, "missing_lines": [], "excluded_lines": []}, "CollectionExecutionResult.failed_requests": {"executed_lines": [204], "summary": {"covered_lines": 1, "num_statements": 1, "percent_covered": 100.0, "percent_covered_display": "100", "missing_lines": 0, "excluded_lines": 0}, "missing_lines": [], "excluded_lines": []}, "CollectionExecutionResult.success_rate": {"executed_lines": [209, 210, 211], "summary": {"covered_lines": 3, "num_statements": 3, "percent_covered": 100.0, "percent_covered_display": "100", "missing_lines": 0, "excluded_lines": 0}, "missing_lines": [], "excluded_lines": []}, "CollectionExecutionResult.test_results": {"executed_lines": [], "summary": {"covered_lines": 0, "num_statements": 7, "percent_covered": 0.0, "percent_covered_display": "0", "missing_lines": 7, "excluded_lines": 0}, "missing_lines": [216, 217, 218, 219, 220, 221, 222], "excluded_lines": []}, "CollectionExecutionResult.add_result": {"executed_lines": [231, 232], "summary": {"covered_lines": 2, "num_statements": 2, "percent_covered": 100.0, "percent_covered_display": "100", "missing_lines": 0, "excluded_lines": 0}, "missing_lines": [], "excluded_lines": []}, "CollectionExecutionResult.add_folder_result": {"executed_lines": [], "summary": {"covered_lines": 0, "num_statements": 3, "percent_covered": 0.0, "percent_covered_display": "0", "missing_lines": 3, "excluded_lines": 0}, "missing_lines": [241, 242, 243], "excluded_lines": []}, "CollectionExecutionResult.__str__": {"executed_lines": [], "summary": {"covered_lines": 0, "num_statements": 2, "percent_covered": 0.0, "percent_covered_display": "0", "missing_lines": 2, "excluded_lines": 0}, "missing_lines": [246, 247], "excluded_lines": []}, "": {"executed_lines": [1, 9, 10, 11, 14, 15, 16, 23, 24, 25, 27, 34, 35, 36, 43, 44, 45, 47, 48, 52, 53, 59, 72, 76, 77, 78, 85, 86, 87, 88, 89, 91, 92, 96, 97, 101, 113, 114, 115, 122, 123, 124, 126, 127, 131, 132, 136, 137, 141, 142, 148, 149, 159, 169, 177, 178, 179, 186, 187, 188, 189, 191, 192, 196, 197, 201, 202, 206, 207, 213, 214, 224, 234, 245], "summary": {"covered_lines": 68, "num_statements": 68, "percent_covered": 100.0, "percent_covered_display": "100", "missing_lines": 0, "excluded_lines": 0}, "missing_lines": [], "excluded_lines": []}}, "classes": {"TestAssertion": {"executed_lines": [], "summary": {"covered_lines": 0, "num_statements": 4, "percent_covered": 0.0, "percent_covered_display": "0", "missing_lines": 4, "excluded_lines": 0}, "missing_lines": [28, 29, 30, 31], "excluded_lines": []}, "TestResults": {"executed_lines": [66, 67, 68, 70], "summary": {"covered_lines": 4, "num_statements": 9, "percent_covered": 44.44444444444444, "percent_covered_display": "44", "missing_lines": 5, "excluded_lines": 0}, "missing_lines": [50, 55, 56, 57, 73], "excluded_lines": []}, "ExecutionResult": {"executed_lines": [94], "summary": {"covered_lines": 1, "num_statements": 9, "percent_covered": 11.11111111111111, "percent_covered_display": "11", "missing_lines": 8, "excluded_lines": 0}, "missing_lines": [99, 102, 103, 105, 106, 107, 108, 110], "excluded_lines": []}, "FolderExecutionResult": {"executed_lines": [166, 167], "summary": {"covered_lines": 2, "num_statements": 17, "percent_covered": 11.764705882352942, "percent_covered_display": "12", "missing_lines": 15, "excluded_lines": 0}, "missing_lines": [129, 134, 139, 144, 145, 146, 151, 152, 153, 154, 155, 156, 157, 170, 171], "excluded_lines": []}, "CollectionExecutionResult": {"executed_lines": [194, 199, 204, 209, 210, 211, 231, 232], "summary": {"covered_lines": 8, "num_statements": 20, "percent_covered": 40.0, "percent_covered_display": "40", "missing_lines": 12, "excluded_lines": 0}, "missing_lines": [216, 217, 218, 219, 220, 221, 222, 241, 242, 243, 246, 247], "excluded_lines": []}, "": {"executed_lines": [1, 9, 10, 11, 14, 15, 16, 23, 24, 25, 27, 34, 35, 36, 43, 44, 45, 47, 48, 52, 53, 59, 72, 76, 77, 78, 85, 86, 87, 88, 89, 91, 92, 96, 97, 101, 113, 114, 115, 122, 123, 124, 126, 127, 131, 132, 136, 137, 141, 142, 148, 149, 159, 169, 177, 178, 179, 186, 187, 188, 189, 191, 192, 196, 197, 201, 202, 206, 207, 213, 214, 224, 234, 245], "summary": {"covered_lines": 68, "num_statements": 68, "percent_covered": 100.0, "percent_covered_display": "100", "missing_lines": 0, "excluded_lines": 0}, "missing_lines": [], "excluded_lines": []}}}, "python_postman/execution/script_runner.py": {"executed_lines": [1, 9, 10, 11, 12, 13, 14, 15, 16, 17, 18, 19, 22, 23, 30, 40, 41, 42, 43, 44, 45, 47, 48, 50, 52, 53, 55, 57, 58, 62, 70, 71, 72, 73, 74, 75, 76, 78, 88, 91, 92, 94, 101, 103, 105, 107, 109, 111, 113, 116, 117, 119, 126, 128, 130, 131, 132, 134, 136, 138, 140, 141, 143, 145, 147, 148, 150, 152, 154, 155, 157, 159, 162, 163, 165, 167, 170, 171, 173, 180, 182, 184, 185, 187, 189, 190, 192, 194, 195, 197, 199, 200, 203, 204, 207, 208, 216, 223, 224, 226, 241, 242, 243, 244, 247, 248, 249, 251, 265, 268, 269, 270, 273, 274, 275, 276, 278, 280, 293, 296, 304, 322, 324, 341, 342, 344, 346, 349, 352, 353, 354, 357, 358, 363, 364, 366, 367, 369, 371, 384, 387, 388, 389, 392, 397, 398, 401, 402, 405, 406, 407, 408, 411, 412, 415, 416, 417, 418, 421, 429, 430, 431, 436, 437, 438, 441, 442, 444, 446, 448, 449, 451, 457, 462, 464, 466, 468], "summary": {"covered_lines": 170, "num_statements": 177, "percent_covered": 96.045197740113, "percent_covered_display": "96", "missing_lines": 7, "excluded_lines": 0}, "missing_lines": [60, 137, 144, 151, 158, 455, 460], "excluded_lines": [], "functions": {"PostmanAPI.__init__": {"executed_lines": [40, 41, 42, 43, 44, 45], "summary": {"covered_lines": 6, "num_statements": 6, "percent_covered": 100.0, "percent_covered_display": "100", "missing_lines": 0, "excluded_lines": 0}, "missing_lines": [], "excluded_lines": []}, "PostmanAPI.variables": {"executed_lines": [50], "summary": {"covered_lines": 1, "num_statements": 1, "percent_covered": 100.0, "percent_covered_display": "100", "missing_lines": 0, "excluded_lines": 0}, "missing_lines": [], "excluded_lines": []}, "PostmanAPI.response": {"executed_lines": [55], "summary": {"covered_lines": 1, "num_statements": 1, "percent_covered": 100.0, "percent_covered_display": "100", "missing_lines": 0, "excluded_lines": 0}, "missing_lines": [], "excluded_lines": []}, "PostmanAPI.request": {"executed_lines": [], "summary": {"covered_lines": 0, "num_statements": 1, "percent_covered": 0.0, "percent_covered_display": "0", "missing_lines": 1, "excluded_lines": 0}, "missing_lines": [60], "excluded_lines": []}, "PostmanAPI.test": {"executed_lines": [70, 71, 72, 73, 74, 75, 76], "summary": {"covered_lines": 7, "num_statements": 7, "percent_covered": 100.0, "percent_covered_display": "100", "missing_lines": 0, "excluded_lines": 0}, "missing_lines": [], "excluded_lines": []}, "PostmanAPI.expect": {"executed_lines": [88], "summary": {"covered_lines": 1, "num_statements": 1, "percent_covered": 100.0, "percent_covered_display": "100", "missing_lines": 0, "excluded_lines": 0}, "missing_lines": [], "excluded_lines": []}, "PostmanVariables.__init__": {"executed_lines": [101], "summary": {"covered_lines": 1, "num_statements": 1, "percent_covered": 100.0, "percent_covered_display": "100", "missing_lines": 0, "excluded_lines": 0}, "missing_lines": [], "excluded_lines": []}, "PostmanVariables.get": {"executed_lines": [105], "summary": {"covered_lines": 1, "num_statements": 1, "percent_covered": 100.0, "percent_covered_display": "100", "missing_lines": 0, "excluded_lines": 0}, "missing_lines": [], "excluded_lines": []}, "PostmanVariables.set": {"executed_lines": [109], "summary": {"covered_lines": 1, "num_statements": 1, "percent_covered": 100.0, "percent_covered_display": "100", "missing_lines": 0, "excluded_lines": 0}, "missing_lines": [], "excluded_lines": []}, "PostmanVariables.has": {"executed_lines": [113], "summary": {"covered_lines": 1, "num_statements": 1, "percent_covered": 100.0, "percent_covered_display": "100", "missing_lines": 0, "excluded_lines": 0}, "missing_lines": [], "excluded_lines": []}, "PostmanResponse.__init__": {"executed_lines": [126], "summary": {"covered_lines": 1, "num_statements": 1, "percent_covered": 100.0, "percent_covered_display": "100", "missing_lines": 0, "excluded_lines": 0}, "missing_lines": [], "excluded_lines": []}, "PostmanResponse.json": {"executed_lines": [130, 131, 132], "summary": {"covered_lines": 3, "num_statements": 3, "percent_covered": 100.0, "percent_covered_display": "100", "missing_lines": 0, "excluded_lines": 0}, "missing_lines": [], "excluded_lines": []}, "PostmanResponse.text": {"executed_lines": [136, 138], "summary": {"covered_lines": 2, "num_statements": 3, "percent_covered": 66.66666666666667, "percent_covered_display": "67", "missing_lines": 1, "excluded_lines": 0}, "missing_lines": [137], "excluded_lines": []}, "PostmanResponse.status": {"executed_lines": [143, 145], "summary": {"covered_lines": 2, "num_statements": 3, "percent_covered": 66.66666666666667, "percent_covered_display": "67", "missing_lines": 1, "excluded_lines": 0}, "missing_lines": [144], "excluded_lines": []}, "PostmanResponse.headers": {"executed_lines": [150, 152], "summary": {"covered_lines": 2, "num_statements": 3, "percent_covered": 66.66666666666667, "percent_covered_display": "67", "missing_lines": 1, "excluded_lines": 0}, "missing_lines": [151], "excluded_lines": []}, "PostmanResponse.responseTime": {"executed_lines": [157, 159], "summary": {"covered_lines": 2, "num_statements": 3, "percent_covered": 66.66666666666667, "percent_covered_display": "67", "missing_lines": 1, "excluded_lines": 0}, "missing_lines": [158], "excluded_lines": []}, "PostmanRequest.__init__": {"executed_lines": [167], "summary": {"covered_lines": 1, "num_statements": 1, "percent_covered": 100.0, "percent_covered_display": "100", "missing_lines": 0, "excluded_lines": 0}, "missing_lines": [], "excluded_lines": []}, "PostmanExpect.__init__": {"executed_lines": [180], "summary": {"covered_lines": 1, "num_statements": 1, "percent_covered": 100.0, "percent_covered_display": "100", "missing_lines": 0, "excluded_lines": 0}, "missing_lines": [], "excluded_lines": []}, "PostmanExpect.to_equal": {"executed_lines": [184, 185], "summary": {"covered_lines": 2, "num_statements": 2, "percent_covered": 100.0, "percent_covered_display": "100", "missing_lines": 0, "excluded_lines": 0}, "missing_lines": [], "excluded_lines": []}, "PostmanExpect.to_be_truthy": {"executed_lines": [189, 190], "summary": {"covered_lines": 2, "num_statements": 2, "percent_covered": 100.0, "percent_covered_display": "100", "missing_lines": 0, "excluded_lines": 0}, "missing_lines": [], "excluded_lines": []}, "PostmanExpect.to_be_falsy": {"executed_lines": [194, 195], "summary": {"covered_lines": 2, "num_statements": 2, "percent_covered": 100.0, "percent_covered_display": "100", "missing_lines": 0, "excluded_lines": 0}, "missing_lines": [], "excluded_lines": []}, "PostmanExpect.to_have_status": {"executed_lines": [199, 200, 203, 204], "summary": {"covered_lines": 4, "num_statements": 4, "percent_covered": 100.0, "percent_covered_display": "100", "missing_lines": 0, "excluded_lines": 0}, "missing_lines": [], "excluded_lines": []}, "ScriptRunner.__init__": {"executed_lines": [223, 224], "summary": {"covered_lines": 2, "num_statements": 2, "percent_covered": 100.0, "percent_covered_display": "100", "missing_lines": 0, "excluded_lines": 0}, "missing_lines": [], "excluded_lines": []}, "ScriptRunner.execute_pre_request_scripts": {"executed_lines": [241, 242, 243, 244, 247, 248, 249], "summary": {"covered_lines": 7, "num_statements": 7, "percent_covered": 100.0, "percent_covered_display": "100", "missing_lines": 0, "excluded_lines": 0}, "missing_lines": [], "excluded_lines": []}, "ScriptRunner.execute_test_scripts": {"executed_lines": [265, 268, 269, 270, 273, 274, 275, 276, 278], "summary": {"covered_lines": 9, "num_statements": 9, "percent_covered": 100.0, "percent_covered_display": "100", "missing_lines": 0, "excluded_lines": 0}, "missing_lines": [], "excluded_lines": []}, "ScriptRunner.create_script_environment": {"executed_lines": [293, 296, 304, 322], "summary": {"covered_lines": 4, "num_statements": 4, "percent_covered": 100.0, "percent_covered_display": "100", "missing_lines": 0, "excluded_lines": 0}, "missing_lines": [], "excluded_lines": []}, "ScriptRunner._execute_script": {"executed_lines": [341, 342, 344, 346, 349, 352, 353, 354, 357, 358, 363, 364, 366, 367, 369], "summary": {"covered_lines": 15, "num_statements": 15, "percent_covered": 100.0, "percent_covered_display": "100", "missing_lines": 0, "excluded_lines": 0}, "missing_lines": [], "excluded_lines": []}, "ScriptRunner._convert_js_to_python": {"executed_lines": [384, 387, 388, 389, 392, 397, 398, 401, 402, 405, 406, 407, 408, 411, 412, 415, 416, 417, 418, 421, 429, 430, 431, 436, 437, 438, 441, 442, 444], "summary": {"covered_lines": 29, "num_statements": 29, "percent_covered": 100.0, "percent_covered_display": "100", "missing_lines": 0, "excluded_lines": 0}, "missing_lines": [], "excluded_lines": []}, "ScriptRunner._console_log": {"executed_lines": [448, 449], "summary": {"covered_lines": 2, "num_statements": 2, "percent_covered": 100.0, "percent_covered_display": "100", "missing_lines": 0, "excluded_lines": 0}, "missing_lines": [], "excluded_lines": []}, "ScriptRunner._set_timeout": {"executed_lines": [], "summary": {"covered_lines": 0, "num_statements": 1, "percent_covered": 0.0, "percent_covered_display": "0", "missing_lines": 1, "excluded_lines": 0}, "missing_lines": [455], "excluded_lines": []}, "ScriptRunner._clear_timeout": {"executed_lines": [], "summary": {"covered_lines": 0, "num_statements": 1, "percent_covered": 0.0, "percent_covered_display": "0", "missing_lines": 1, "excluded_lines": 0}, "missing_lines": [460], "excluded_lines": []}, "ScriptRunner.get_console_logs": {"executed_lines": [464], "summary": {"covered_lines": 1, "num_statements": 1, "percent_covered": 100.0, "percent_covered_display": "100", "missing_lines": 0, "excluded_lines": 0}, "missing_lines": [], "excluded_lines": []}, "ScriptRunner.clear_console_logs": {"executed_lines": [468], "summary": {"covered_lines": 1, "num_statements": 1, "percent_covered": 100.0, "percent_covered_display": "100", "missing_lines": 0, "excluded_lines": 0}, "missing_lines": [], "excluded_lines": []}, "": {"executed_lines": [1, 9, 10, 11, 12, 13, 14, 15, 16, 17, 18, 19, 22, 23, 30, 47, 48, 52, 53, 57, 58, 62, 78, 91, 92, 94, 103, 107, 111, 116, 117, 119, 128, 134, 140, 141, 147, 148, 154, 155, 162, 163, 165, 170, 171, 173, 182, 187, 192, 197, 207, 208, 216, 226, 251, 280, 324, 371, 446, 451, 457, 462, 466], "summary": {"covered_lines": 56, "num_statements": 56, "percent_covered": 100.0, "percent_covered_display": "100", "missing_lines": 0, "excluded_lines": 0}, "missing_lines": [], "excluded_lines": []}}, "classes": {"PostmanAPI": {"executed_lines": [40, 41, 42, 43, 44, 45, 50, 55, 70, 71, 72, 73, 74, 75, 76, 88], "summary": {"covered_lines": 16, "num_statements": 17, "percent_covered": 94.11764705882354, "percent_covered_display": "94", "missing_lines": 1, "excluded_lines": 0}, "missing_lines": [60], "excluded_lines": []}, "PostmanVariables": {"executed_lines": [101, 105, 109, 113], "summary": {"covered_lines": 4, "num_statements": 4, "percent_covered": 100.0, "percent_covered_display": "100", "missing_lines": 0, "excluded_lines": 0}, "missing_lines": [], "excluded_lines": []}, "PostmanResponse": {"executed_lines": [126, 130, 131, 132, 136, 138, 143, 145, 150, 152, 157, 159], "summary": {"covered_lines": 12, "num_statements": 16, "percent_covered": 75.0, "percent_covered_display": "75", "missing_lines": 4, "excluded_lines": 0}, "missing_lines": [137, 144, 151, 158], "excluded_lines": []}, "PostmanRequest": {"executed_lines": [167], "summary": {"covered_lines": 1, "num_statements": 1, "percent_covered": 100.0, "percent_covered_display": "100", "missing_lines": 0, "excluded_lines": 0}, "missing_lines": [], "excluded_lines": []}, "PostmanExpect": {"executed_lines": [180, 184, 185, 189, 190, 194, 195, 199, 200, 203, 204], "summary": {"covered_lines": 11, "num_statements": 11, "percent_covered": 100.0, "percent_covered_display": "100", "missing_lines": 0, "excluded_lines": 0}, "missing_lines": [], "excluded_lines": []}, "ScriptRunner": {"executed_lines": [223, 224, 241, 242, 243, 244, 247, 248, 249, 265, 268, 269, 270, 273, 274, 275, 276, 278, 293, 296, 304, 322, 341, 342, 344, 346, 349, 352, 353, 354, 357, 358, 363, 364, 366, 367, 369, 384, 387, 388, 389, 392, 397, 398, 401, 402, 405, 406, 407, 408, 411, 412, 415, 416, 417, 418, 421, 429, 430, 431, 436, 437, 438, 441, 442, 444, 448, 449, 464, 468], "summary": {"covered_lines": 70, "num_statements": 72, "percent_covered": 97.22222222222223, "percent_covered_display": "97", "missing_lines": 2, "excluded_lines": 0}, "missing_lines": [455, 460], "excluded_lines": []}, "": {"executed_lines": [1, 9, 10, 11, 12, 13, 14, 15, 16, 17, 18, 19, 22, 23, 30, 47, 48, 52, 53, 57, 58, 62, 78, 91, 92, 94, 103, 107, 111, 116, 117, 119, 128, 134, 140, 141, 147, 148, 154, 155, 162, 163, 165, 170, 171, 173, 182, 187, 192, 197, 207, 208, 216, 226, 251, 280, 324, 371, 446, 451, 457, 462, 466], "summary": {"covered_lines": 56, "num_statements": 56, "percent_covered": 100.0, "percent_covered_display": "100", "missing_lines": 0, "excluded_lines": 0}, "missing_lines": [], "excluded_lines": []}}}, "python_postman/execution/variable_resolver.py": {"executed_lines": [1, 9, 10, 11, 12, 13, 14, 15, 16, 19, 20, 28, 35, 37, 47, 48, 51, 52, 56, 57, 58, 59, 60, 61, 64, 66, 67, 70, 71, 72, 74, 77, 80, 81, 82, 83, 84, 85, 87, 90, 91, 92, 93, 94, 95, 97, 100, 101, 102, 103, 105, 108, 122, 126, 128, 138, 140, 141, 143, 144, 145, 146, 149, 151, 153, 163, 164, 166, 167, 170, 171, 172, 174, 175, 176, 177, 178, 179, 182, 183, 184, 185, 186, 187, 190, 191, 193, 194, 195, 196, 197, 198, 200, 201, 202, 204, 207, 208, 210, 211, 212, 213, 214, 219, 220, 221, 224, 225, 226, 231, 241, 242, 244, 247, 248, 249, 254, 256, 258, 271, 272, 274, 276, 279, 281, 282, 284, 291, 301, 303, 304, 306, 307, 308, 309, 310, 311, 315, 317, 327, 329, 330, 331, 332, 333, 334, 335, 339], "summary": {"covered_lines": 146, "num_statements": 168, "percent_covered": 86.9047619047619, "percent_covered_display": "87", "missing_lines": 22, "excluded_lines": 0}, "missing_lines": [109, 110, 111, 112, 113, 116, 118, 119, 123, 124, 168, 180, 215, 216, 217, 222, 227, 229, 285, 287, 313, 337], "excluded_lines": [], "functions": {"VariableResolver.__init__": {"executed_lines": [35], "summary": {"covered_lines": 1, "num_statements": 1, "percent_covered": 100.0, "percent_covered_display": "100", "missing_lines": 0, "excluded_lines": 0}, "missing_lines": [], "excluded_lines": []}, "VariableResolver.resolve_url": {"executed_lines": [47, 48, 51, 52, 56, 57, 58, 59, 60, 61, 64, 66, 67, 70, 71, 72, 74, 77, 80, 81, 82, 83, 84, 85, 87, 90, 91, 92, 93, 94, 95, 97, 100, 101, 102, 103, 105, 108, 122, 126], "summary": {"covered_lines": 40, "num_statements": 50, "percent_covered": 80.0, "percent_covered_display": "80", "missing_lines": 10, "excluded_lines": 0}, "missing_lines": [109, 110, 111, 112, 113, 116, 118, 119, 123, 124], "excluded_lines": []}, "VariableResolver.resolve_headers": {"executed_lines": [138, 140, 141, 143, 144, 145, 146, 149, 151], "summary": {"covered_lines": 9, "num_statements": 9, "percent_covered": 100.0, "percent_covered_display": "100", "missing_lines": 0, "excluded_lines": 0}, "missing_lines": [], "excluded_lines": []}, "VariableResolver.resolve_body": {"executed_lines": [163, 164, 166, 167, 170, 171, 172, 174, 175, 176, 177, 178, 179, 182, 183, 184, 185, 186, 187, 190, 191, 193, 194, 195, 196, 197, 198, 200, 201, 202, 204, 207, 208, 210, 211, 212, 213, 214, 219, 220, 221, 224, 225, 226], "summary": {"covered_lines": 44, "num_statements": 52, "percent_covered": 84.61538461538461, "percent_covered_display": "85", "missing_lines": 8, "excluded_lines": 0}, "missing_lines": [168, 180, 215, 216, 217, 222, 227, 229], "excluded_lines": []}, "VariableResolver.resolve_auth": {"executed_lines": [241, 242, 244, 247, 248, 249, 254, 256], "summary": {"covered_lines": 8, "num_statements": 8, "percent_covered": 100.0, "percent_covered_display": "100", "missing_lines": 0, "excluded_lines": 0}, "missing_lines": [], "excluded_lines": []}, "VariableResolver.resolve_string": {"executed_lines": [271, 272, 274, 276, 279, 281, 282, 284], "summary": {"covered_lines": 8, "num_statements": 10, "percent_covered": 80.0, "percent_covered_display": "80", "missing_lines": 2, "excluded_lines": 0}, "missing_lines": [285, 287], "excluded_lines": []}, "VariableResolver.resolve_dict_values": {"executed_lines": [301, 303, 304, 306, 307, 308, 309, 310, 311, 315], "summary": {"covered_lines": 10, "num_statements": 11, "percent_covered": 90.9090909090909, "percent_covered_display": "91", "missing_lines": 1, "excluded_lines": 0}, "missing_lines": [313], "excluded_lines": []}, "VariableResolver.resolve_list_values": {"executed_lines": [327, 329, 330, 331, 332, 333, 334, 335, 339], "summary": {"covered_lines": 9, "num_statements": 10, "percent_covered": 90.0, "percent_covered_display": "90", "missing_lines": 1, "excluded_lines": 0}, "missing_lines": [337], "excluded_lines": []}, "": {"executed_lines": [1, 9, 10, 11, 12, 13, 14, 15, 16, 19, 20, 28, 37, 128, 153, 231, 258, 291, 317], "summary": {"covered_lines": 17, "num_statements": 17, "percent_covered": 100.0, "percent_covered_display": "100", "missing_lines": 0, "excluded_lines": 0}, "missing_lines": [], "excluded_lines": []}}, "classes": {"VariableResolver": {"executed_lines": [35, 47, 48, 51, 52, 56, 57, 58, 59, 60, 61, 64, 66, 67, 70, 71, 72, 74, 77, 80, 81, 82, 83, 84, 85, 87, 90, 91, 92, 93, 94, 95, 97, 100, 101, 102, 103, 105, 108, 122, 126, 138, 140, 141, 143, 144, 145, 146, 149, 151, 163, 164, 166, 167, 170, 171, 172, 174, 175, 176, 177, 178, 179, 182, 183, 184, 185, 186, 187, 190, 191, 193, 194, 195, 196, 197, 198, 200, 201, 202, 204, 207, 208, 210, 211, 212, 213, 214, 219, 220, 221, 224, 225, 226, 241, 242, 244, 247, 248, 249, 254, 256, 271, 272, 274, 276, 279, 281, 282, 284, 301, 303, 304, 306, 307, 308, 309, 310, 311, 315, 327, 329, 330, 331, 332, 333, 334, 335, 339], "summary": {"covered_lines": 129, "num_statements": 151, "percent_covered": 85.43046357615894, "percent_covered_display": "85", "missing_lines": 22, "excluded_lines": 0}, "missing_lines": [109, 110, 111, 112, 113, 116, 118, 119, 123, 124, 168, 180, 215, 216, 217, 222, 227, 229, 285, 287, 313, 337], "excluded_lines": []}, "": {"executed_lines": [1, 9, 10, 11, 12, 13, 14, 15, 16, 19, 20, 28, 37, 128, 153, 231, 258, 291, 317], "summary": {"covered_lines": 17, "num_statements": 17, "percent_covered": 100.0, "percent_covered_display": "100", "missing_lines": 0, "excluded_lines": 0}, "missing_lines": [], "excluded_lines": []}}}, "python_postman/introspection/__init__.py": {"executed_lines": [1, 5, 6, 8], "summary": {"covered_lines": 3, "num_statements": 3, "percent_covered": 100.0, "percent_covered_display": "100", "missing_lines": 0, "excluded_lines": 0}, "missing_lines": [], "excluded_lines": [], "functions": {"": {"executed_lines": [1, 5, 6, 8], "summary": {"covered_lines": 3, "num_statements": 3, "percent_covered": 100.0, "percent_covered_display": "100", "missing_lines": 0, "excluded_lines": 0}, "missing_lines": [], "excluded_lines": []}}, "classes": {"": {"executed_lines": [1, 5, 6, 8], "summary": {"covered_lines": 3, "num_statements": 3, "percent_covered": 100.0, "percent_covered_display": "100", "missing_lines": 0, "excluded_lines": 0}, "missing_lines": [], "excluded_lines": []}}}, "python_postman/introspection/auth_resolver.py": {"executed_lines": [1, 8, 9, 11, 18, 19, 21, 22, 23, 24, 27, 28, 35, 49, 50, 51, 53, 54, 55, 56, 61, 62, 63, 64, 71, 72, 82, 83, 113, 116, 117, 120, 121, 122, 123, 124, 126, 129, 130, 131, 132, 135], "summary": {"covered_lines": 37, "num_statements": 37, "percent_covered": 100.0, "percent_covered_display": "100", "missing_lines": 0, "excluded_lines": 5}, "missing_lines": [], "excluded_lines": [11, 12, 13, 14, 15], "functions": {"ResolvedAuth.__init__": {"executed_lines": [49, 50, 51], "summary": {"covered_lines": 3, "num_statements": 3, "percent_covered": 100.0, "percent_covered_display": "100", "missing_lines": 0, "excluded_lines": 0}, "missing_lines": [], "excluded_lines": []}, "ResolvedAuth.__repr__": {"executed_lines": [54, 55, 56], "summary": {"covered_lines": 3, "num_statements": 3, "percent_covered": 100.0, "percent_covered_display": "100", "missing_lines": 0, "excluded_lines": 0}, "missing_lines": [], "excluded_lines": []}, "ResolvedAuth.__eq__": {"executed_lines": [62, 63, 64], "summary": {"covered_lines": 3, "num_statements": 3, "percent_covered": 100.0, "percent_covered_display": "100", "missing_lines": 0, "excluded_lines": 0}, "missing_lines": [], "excluded_lines": []}, "AuthResolver.resolve_auth": {"executed_lines": [113, 116, 117, 120, 121, 122, 123, 124, 126, 129, 130, 131, 132, 135], "summary": {"covered_lines": 14, "num_statements": 14, "percent_covered": 100.0, "percent_covered_display": "100", "missing_lines": 0, "excluded_lines": 0}, "missing_lines": [], "excluded_lines": []}, "": {"executed_lines": [1, 8, 9, 11, 18, 19, 21, 22, 23, 24, 27, 28, 35, 53, 61, 71, 72, 82, 83], "summary": {"covered_lines": 14, "num_statements": 14, "percent_covered": 100.0, "percent_covered_display": "100", "missing_lines": 0, "excluded_lines": 5}, "missing_lines": [], "excluded_lines": [11, 12, 13, 14, 15]}}, "classes": {"AuthSource": {"executed_lines": [], "summary": {"covered_lines": 0, "num_statements": 0, "percent_covered": 100.0, "percent_covered_display": "100", "missing_lines": 0, "excluded_lines": 0}, "missing_lines": [], "excluded_lines": []}, "ResolvedAuth": {"executed_lines": [49, 50, 51, 54, 55, 56, 62, 63, 64], "summary": {"covered_lines": 9, "num_statements": 9, "percent_covered": 100.0, "percent_covered_display": "100", "missing_lines": 0, "excluded_lines": 0}, "missing_lines": [], "excluded_lines": []}, "AuthResolver": {"executed_lines": [113, 116, 117, 120, 121, 122, 123, 124, 126, 129, 130, 131, 132, 135], "summary": {"covered_lines": 14, "num_statements": 14, "percent_covered": 100.0, "percent_covered_display": "100", "missing_lines": 0, "excluded_lines": 0}, "missing_lines": [], "excluded_lines": []}, "": {"executed_lines": [1, 8, 9, 11, 18, 19, 21, 22, 23, 24, 27, 28, 35, 53, 61, 71, 72, 82, 83], "summary": {"covered_lines": 14, "num_statements": 14, "percent_covered": 100.0, "percent_covered_display": "100", "missing_lines": 0, "excluded_lines": 5}, "missing_lines": [], "excluded_lines": [11, 12, 13, 14, 15]}}}, "python_postman/introspection/variable_tracer.py": {"executed_lines": [1, 3, 4, 5, 7, 9, 14, 15, 17, 33, 34, 35, 36, 38, 39, 44, 45, 46, 47, 55, 56, 58, 65, 67, 69, 73, 97, 100, 102, 103, 113, 124, 125, 135, 136, 146, 147, 148, 158, 160, 162, 170, 172, 173, 174, 176, 177, 178, 179, 188, 192, 209, 212, 213, 214, 215, 225, 228, 232, 234, 241, 243, 244, 245, 247, 248, 249, 251, 260, 264, 280, 283, 286, 288, 290, 292, 295, 296, 299, 301, 303, 305, 307, 308, 315, 317, 320, 322, 323, 326, 327, 328, 331, 332, 333, 334, 340, 348, 354, 359, 361, 363, 366, 369, 370, 371, 374, 375, 376, 378, 380, 397, 400, 401, 404, 405, 406, 409, 410, 413, 418, 419, 422, 424, 433, 443, 444, 445, 448, 453, 454, 455, 458, 462, 464, 467, 470, 471, 475], "summary": {"covered_lines": 135, "num_statements": 162, "percent_covered": 83.33333333333333, "percent_covered_display": "83", "missing_lines": 27, "excluded_lines": 3}, "missing_lines": [114, 250, 309, 310, 311, 313, 335, 336, 337, 341, 342, 343, 349, 350, 351, 355, 356, 357, 364, 425, 426, 429, 434, 435, 438, 472, 473], "excluded_lines": [9, 10, 11], "functions": {"VariableReference.__init__": {"executed_lines": [33, 34, 35, 36], "summary": {"covered_lines": 4, "num_statements": 4, "percent_covered": 100.0, "percent_covered_display": "100", "missing_lines": 0, "excluded_lines": 0}, "missing_lines": [], "excluded_lines": []}, "VariableReference.__repr__": {"executed_lines": [39], "summary": {"covered_lines": 1, "num_statements": 1, "percent_covered": 100.0, "percent_covered_display": "100", "missing_lines": 0, "excluded_lines": 0}, "missing_lines": [], "excluded_lines": []}, "VariableReference.__eq__": {"executed_lines": [45, 46, 47], "summary": {"covered_lines": 3, "num_statements": 3, "percent_covered": 100.0, "percent_covered_display": "100", "missing_lines": 0, "excluded_lines": 0}, "missing_lines": [], "excluded_lines": []}, "VariableTracer.__init__": {"executed_lines": [65, 67, 69], "summary": {"covered_lines": 3, "num_statements": 3, "percent_covered": 100.0, "percent_covered_display": "100", "missing_lines": 0, "excluded_lines": 0}, "missing_lines": [], "excluded_lines": []}, "VariableTracer.trace_variable": {"executed_lines": [97, 100, 102, 103, 113, 124, 125, 135, 136, 146, 147, 148, 158, 160], "summary": {"covered_lines": 14, "num_statements": 15, "percent_covered": 93.33333333333333, "percent_covered_display": "93", "missing_lines": 1, "excluded_lines": 0}, "missing_lines": [114], "excluded_lines": []}, "VariableTracer._trace_in_folders": {"executed_lines": [170, 172, 173, 174, 176, 177, 178, 179, 188], "summary": {"covered_lines": 9, "num_statements": 9, "percent_covered": 100.0, "percent_covered_display": "100", "missing_lines": 0, "excluded_lines": 0}, "missing_lines": [], "excluded_lines": []}, "VariableTracer.find_shadowed_variables": {"executed_lines": [209, 212, 213, 214, 215, 225, 228, 232], "summary": {"covered_lines": 8, "num_statements": 8, "percent_covered": 100.0, "percent_covered_display": "100", "missing_lines": 0, "excluded_lines": 0}, "missing_lines": [], "excluded_lines": []}, "VariableTracer._collect_folder_variables": {"executed_lines": [241, 243, 244, 245, 247, 248, 249, 251, 260], "summary": {"covered_lines": 9, "num_statements": 10, "percent_covered": 90.0, "percent_covered_display": "90", "missing_lines": 1, "excluded_lines": 0}, "missing_lines": [250], "excluded_lines": []}, "VariableTracer.find_undefined_references": {"executed_lines": [280, 283, 286, 288], "summary": {"covered_lines": 4, "num_statements": 4, "percent_covered": 100.0, "percent_covered_display": "100", "missing_lines": 0, "excluded_lines": 0}, "missing_lines": [], "excluded_lines": []}, "VariableTracer._collect_all_defined_variables": {"executed_lines": [292, 295, 296, 299, 301], "summary": {"covered_lines": 5, "num_statements": 5, "percent_covered": 100.0, "percent_covered_display": "100", "missing_lines": 0, "excluded_lines": 0}, "missing_lines": [], "excluded_lines": []}, "VariableTracer._collect_defined_in_folders": {"executed_lines": [305, 307, 308], "summary": {"covered_lines": 3, "num_statements": 7, "percent_covered": 42.857142857142854, "percent_covered_display": "43", "missing_lines": 4, "excluded_lines": 0}, "missing_lines": [309, 310, 311, 313], "excluded_lines": []}, "VariableTracer._collect_all_variable_references": {"executed_lines": [317, 320, 322, 323, 326, 327, 328, 331, 332, 333, 334, 340, 348, 354, 359], "summ
[...]
ecuted_lines": [1, 5, 6, 8, 15, 16, 25, 33, 34, 35, 37, 38, 40, 41, 43, 46, 47, 73, 80, 81, 82, 84, 98, 99, 100, 102, 119, 120, 121, 122, 124, 125, 127, 140, 141, 143, 157, 158, 161, 163, 184, 185, 186, 190, 191, 193, 213, 214, 216, 229, 230, 231, 233, 247, 248, 250, 264, 265, 267, 268, 270, 272, 273, 276, 277, 279, 281], "summary": {"covered_lines": 63, "num_statements": 64, "percent_covered": 98.4375, "percent_covered_display": "98", "missing_lines": 1, "excluded_lines": 6}, "missing_lines": [42], "excluded_lines": [8, 9, 10, 11, 12, 234], "functions": {"SearchResult.__init__": {"executed_lines": [33, 34, 35], "summary": {"covered_lines": 3, "num_statements": 3, "percent_covered": 100.0, "percent_covered_display": "100", "missing_lines": 0, "excluded_lines": 0}, "missing_lines": [], "excluded_lines": []}, "SearchResult.__repr__": {"executed_lines": [38], "summary": {"covered_lines": 1, "num_statements": 1, "percent_covered": 100.0, "percent_covered_display": "100", "missing_lines": 0, "excluded_lines": 0}, "missing_lines": [], "excluded_lines": []}, "SearchResult.__eq__": {"executed_lines": [41, 43], "summary": {"covered_lines": 2, "num_statements": 3, "percent_covered": 66.66666666666667, "percent_covered_display": "67", "missing_lines": 1, "excluded_lines": 0}, "missing_lines": [42], "excluded_lines": []}, "RequestQuery.__init__": {"executed_lines": [80, 81, 82], "summary": {"covered_lines": 3, "num_statements": 3, "percent_covered": 100.0, "percent_covered_display": "100", "missing_lines": 0, "excluded_lines": 0}, "missing_lines": [], "excluded_lines": []}, "RequestQuery.by_method": {"executed_lines": [98, 99, 100], "summary": {"covered_lines": 3, "num_statements": 3, "percent_covered": 100.0, "percent_covered_display": "100", "missing_lines": 0, "excluded_lines": 0}, "missing_lines": [], "excluded_lines": []}, "RequestQuery.by_url_pattern": {"executed_lines": [119, 120, 121, 122, 124, 125], "summary": {"covered_lines": 6, "num_statements": 6, "percent_covered": 100.0, "percent_covered_display": "100", "missing_lines": 0, "excluded_lines": 0}, "missing_lines": [], "excluded_lines": []}, "RequestQuery.by_host": {"executed_lines": [140, 141], "summary": {"covered_lines": 2, "num_statements": 2, "percent_covered": 100.0, "percent_covered_display": "100", "missing_lines": 0, "excluded_lines": 0}, "missing_lines": [], "excluded_lines": []}, "RequestQuery.by_auth_type": {"executed_lines": [157, 158, 161], "summary": {"covered_lines": 3, "num_statements": 3, "percent_covered": 100.0, "percent_covered_display": "100", "missing_lines": 0, "excluded_lines": 0}, "missing_lines": [], "excluded_lines": []}, "RequestQuery.has_scripts": {"executed_lines": [184, 185, 186, 190, 191], "summary": {"covered_lines": 5, "num_statements": 5, "percent_covered": 100.0, "percent_covered_display": "100", "missing_lines": 0, "excluded_lines": 0}, "missing_lines": [], "excluded_lines": []}, "RequestQuery.in_folder": {"executed_lines": [213, 214], "summary": {"covered_lines": 2, "num_statements": 2, "percent_covered": 100.0, "percent_covered_display": "100", "missing_lines": 0, "excluded_lines": 0}, "missing_lines": [], "excluded_lines": []}, "RequestQuery.execute": {"executed_lines": [229, 230, 231], "summary": {"covered_lines": 3, "num_statements": 3, "percent_covered": 100.0, "percent_covered_display": "100", "missing_lines": 0, "excluded_lines": 0}, "missing_lines": [], "excluded_lines": []}, "RequestQuery.execute_iter": {"executed_lines": [247, 248], "summary": {"covered_lines": 2, "num_statements": 2, "percent_covered": 100.0, "percent_covered_display": "100", "missing_lines": 0, "excluded_lines": 1}, "missing_lines": [], "excluded_lines": [234]}, "RequestQuery._search_items": {"executed_lines": [264, 265, 267, 268, 270, 272, 273, 276, 277, 279, 281], "summary": {"covered_lines": 11, "num_statements": 11, "percent_covered": 100.0, "percent_covered_display": "100", "missing_lines": 0, "excluded_lines": 0}, "missing_lines": [], "excluded_lines": []}, "": {"executed_lines": [1, 5, 6, 8, 15, 16, 25, 37, 40, 46, 47, 73, 84, 102, 127, 143, 163, 193, 216, 233, 250], "summary": {"covered_lines": 17, "num_statements": 17, "percent_covered": 100.0, "percent_covered_display": "100", "missing_lines": 0, "excluded_lines": 5}, "missing_lines": [], "excluded_lines": [8, 9, 10, 11, 12]}}, "classes": {"SearchResult": {"executed_lines": [33, 34, 35, 38, 41, 43], "summary": {"covered_lines": 6, "num_statements": 7, "percent_covered": 85.71428571428571, "percent_covered_display": "86", "missing_lines": 1, "excluded_lines": 0}, "missing_lines": [42], "excluded_lines": []}, "RequestQuery": {"executed_lines": [80, 81, 82, 98, 99, 100, 119, 120, 121, 122, 124, 125, 140, 141, 157, 158, 161, 184, 185, 186, 190, 191, 213, 214, 229, 230, 231, 247, 248, 264, 265, 267, 268, 270, 272, 273, 276, 277, 279, 281], "summary": {"covered_lines": 40, "num_statements": 40, "percent_covered": 100.0, "percent_covered_display": "100", "missing_lines": 0, "excluded_lines": 1}, "missing_lines": [], "excluded_lines": [234]}, "": {"executed_lines": [1, 5, 6, 8, 15, 16, 25, 37, 40, 46, 47, 73, 84, 102, 127, 143, 163, 193, 216, 233, 250], "summary": {"covered_lines": 17, "num_statements": 17, "percent_covered": 100.0, "percent_covered_display": "100", "missing_lines": 0, "excluded_lines": 5}, "missing_lines": [], "excluded_lines": [8, 9, 10, 11, 12]}}}, "python_postman/statistics/__init__.py": {"executed_lines": [1, 5, 7], "summary": {"covered_lines": 2, "num_statements": 2, "percent_covered": 100.0, "percent_covered_display": "100", "missing_lines": 0, "excluded_lines": 0}, "missing_lines": [], "excluded_lines": [], "functions": {"": {"executed_lines": [1, 5, 7], "summary": {"covered_lines": 2, "num_statements": 2, "percent_covered": 100.0, "percent_covered_display": "100", "missing_lines": 0, "excluded_lines": 0}, "missing_lines": [], "excluded_lines": []}}, "classes": {"": {"executed_lines": [1, 5, 7], "summary": {"covered_lines": 2, "num_statements": 2, "percent_covered": 100.0, "percent_covered_display": "100", "missing_lines": 0, "excluded_lines": 0}, "missing_lines": [], "excluded_lines": []}}}, "python_postman/statistics/collector.py": {"executed_lines": [1, 5, 6, 7, 8, 9, 11, 17, 18, 47, 54, 55, 57, 79, 80, 82, 91, 92, 94, 96, 108, 110, 122, 124, 134, 136, 137, 138, 139, 140, 141, 143, 155, 157, 168, 170, 171, 172, 173, 174, 175, 177, 190, 191, 193, 210, 211, 213, 214, 215, 216, 218, 226, 228, 241, 242, 243, 245, 246, 248, 264, 265, 267, 285, 286, 287, 290, 291, 292, 293, 294, 295, 298, 299, 300, 301, 304, 305, 306, 308, 310, 324, 326, 327], "summary": {"covered_lines": 81, "num_statements": 85, "percent_covered": 95.29411764705883, "percent_covered_display": "95", "missing_lines": 4, "excluded_lines": 4}, "missing_lines": [219, 221, 222, 224], "excluded_lines": [11, 12, 13, 14], "functions": {"CollectionStatistics.__init__": {"executed_lines": [54, 55], "summary": {"covered_lines": 2, "num_statements": 2, "percent_covered": 100.0, "percent_covered_display": "100", "missing_lines": 0, "excluded_lines": 0}, "missing_lines": [], "excluded_lines": []}, "CollectionStatistics.collect": {"executed_lines": [79, 80, 82, 91, 92, 94], "summary": {"covered_lines": 6, "num_statements": 6, "percent_covered": 100.0, "percent_covered_display": "100", "missing_lines": 0, "excluded_lines": 0}, "missing_lines": [], "excluded_lines": []}, "CollectionStatistics.count_requests": {"executed_lines": [108], "summary": {"covered_lines": 1, "num_statements": 1, "percent_covered": 100.0, "percent_covered_display": "100", "missing_lines": 0, "excluded_lines": 0}, "missing_lines": [], "excluded_lines": []}, "CollectionStatistics.count_folders": {"executed_lines": [122], "summary": {"covered_lines": 1, "num_statements": 1, "percent_covered": 100.0, "percent_covered_display": "100", "missing_lines": 0, "excluded_lines": 0}, "missing_lines": [], "excluded_lines": []}, "CollectionStatistics._count_folders_recursive": {"executed_lines": [134, 136, 137, 138, 139, 140, 141], "summary": {"covered_lines": 7, "num_statements": 7, "percent_covered": 100.0, "percent_covered_display": "100", "missing_lines": 0, "excluded_lines": 0}, "missing_lines": [], "excluded_lines": []}, "CollectionStatistics.get_max_depth": {"executed_lines": [155], "summary": {"covered_lines": 1, "num_statements": 1, "percent_covered": 100.0, "percent_covered_display": "100", "missing_lines": 0, "excluded_lines": 0}, "missing_lines": [], "excluded_lines": []}, "CollectionStatistics._get_max_depth_recursive": {"executed_lines": [168, 170, 171, 172, 173, 174, 175], "summary": {"covered_lines": 7, "num_statements": 7, "percent_covered": 100.0, "percent_covered_display": "100", "missing_lines": 0, "excluded_lines": 0}, "missing_lines": [], "excluded_lines": []}, "CollectionStatistics.count_by_method": {"executed_lines": [190, 191], "summary": {"covered_lines": 2, "num_statements": 2, "percent_covered": 100.0, "percent_covered_display": "100", "missing_lines": 0, "excluded_lines": 0}, "missing_lines": [], "excluded_lines": []}, "CollectionStatistics.count_by_auth": {"executed_lines": [210, 211, 213, 214, 215, 216, 218, 226], "summary": {"covered_lines": 8, "num_statements": 12, "percent_covered": 66.66666666666667, "percent_covered_display": "67", "missing_lines": 4, "excluded_lines": 0}, "missing_lines": [219, 221, 222, 224], "excluded_lines": []}, "CollectionStatistics.get_avg_requests_per_folder": {"executed_lines": [241, 242, 243, 245, 246], "summary": {"covered_lines": 5, "num_statements": 5, "percent_covered": 100.0, "percent_covered_display": "100", "missing_lines": 0, "excluded_lines": 0}, "missing_lines": [], "excluded_lines": []}, "CollectionStatistics.to_json": {"executed_lines": [264, 265], "summary": {"covered_lines": 2, "num_statements": 2, "percent_covered": 100.0, "percent_covered_display": "100", "missing_lines": 0, "excluded_lines": 0}, "missing_lines": [], "excluded_lines": []}, "CollectionStatistics.to_csv": {"executed_lines": [285, 286, 287, 290, 291, 292, 293, 294, 295, 298, 299, 300, 301, 304, 305, 306, 308], "summary": {"covered_lines": 17, "num_statements": 17, "percent_covered": 100.0, "percent_covered_display": "100", "missing_lines": 0, "excluded_lines": 0}, "missing_lines": [], "excluded_lines": []}, "CollectionStatistics.clear_cache": {"executed_lines": [324], "summary": {"covered_lines": 1, "num_statements": 1, "percent_covered": 100.0, "percent_covered_display": "100", "missing_lines": 0, "excluded_lines": 0}, "missing_lines": [], "excluded_lines": []}, "CollectionStatistics.__repr__": {"executed_lines": [327], "summary": {"covered_lines": 1, "num_statements": 1, "percent_covered": 100.0, "percent_covered_display": "100", "missing_lines": 0, "excluded_lines": 0}, "missing_lines": [], "excluded_lines": []}, "": {"executed_lines": [1, 5, 6, 7, 8, 9, 11, 17, 18, 47, 57, 96, 110, 124, 143, 157, 177, 193, 228, 248, 267, 310, 326], "summary": {"covered_lines": 20, "num_statements": 20, "percent_covered": 100.0, "percent_covered_display": "100", "missing_lines": 0, "excluded_lines": 4}, "missing_lines": [], "excluded_lines": [11, 12, 13, 14]}}, "classes": {"CollectionStatistics": {"executed_lines": [54, 55, 79, 80, 82, 91, 92, 94, 108, 122, 134, 136, 137, 138, 139, 140, 141, 155, 168, 170, 171, 172, 173, 174, 175, 190, 191, 210, 211, 213, 214, 215, 216, 218, 226, 241, 242, 243, 245, 246, 264, 265, 285, 286, 287, 290, 291, 292, 293, 294, 295, 298, 299, 300, 301, 304, 305, 306, 308, 324, 327], "summary": {"covered_lines": 61, "num_statements": 65, "percent_covered": 93.84615384615384, "percent_covered_display": "94", "missing_lines": 4, "excluded_lines": 0}, "missing_lines": [219, 221, 222, 224], "excluded_lines": []}, "": {"executed_lines": [1, 5, 6, 7, 8, 9, 11, 17, 18, 47, 57, 96, 110, 124, 143, 157, 177, 193, 228, 248, 267, 310, 326], "summary": {"covered_lines": 20, "num_statements": 20, "percent_covered": 100.0, "percent_covered_display": "100", "missing_lines": 0, "excluded_lines": 4}, "missing_lines": [], "excluded_lines": [11, 12, 13, 14]}}}, "python_postman/types/__init__.py": {"executed_lines": [1, 3, 4, 6], "summary": {"covered_lines": 3, "num_statements": 3, "percent_covered": 100.0, "percent_covered_display": "100", "missing_lines": 0, "excluded_lines": 0}, "missing_lines": [], "excluded_lines": [], "functions": {"": {"executed_lines": [1, 3, 4, 6], "summary": {"covered_lines": 3, "num_statements": 3, "percent_covered": 100.0, "percent_covered_display": "100", "missing_lines": 0, "excluded_lines": 0}, "missing_lines": [], "excluded_lines": []}}, "classes": {"": {"executed_lines": [1, 3, 4, 6], "summary": {"covered_lines": 3, "num_statements": 3, "percent_covered": 100.0, "percent_covered_display": "100", "missing_lines": 0, "excluded_lines": 0}, "missing_lines": [], "excluded_lines": []}}}, "python_postman/types/auth_types.py": {"executed_lines": [1, 3, 4, 7, 8, 14, 15, 16, 17, 18, 19, 20, 21, 22, 23, 27, 41], "summary": {"covered_lines": 15, "num_statements": 15, "percent_covered": 100.0, "percent_covered_display": "100", "missing_lines": 0, "excluded_lines": 0}, "missing_lines": [], "excluded_lines": [], "functions": {"": {"executed_lines": [1, 3, 4, 7, 8, 14, 15, 16, 17, 18, 19, 20, 21, 22, 23, 27, 41], "summary": {"covered_lines": 15, "num_statements": 15, "percent_covered": 100.0, "percent_covered_display": "100", "missing_lines": 0, "excluded_lines": 0}, "missing_lines": [], "excluded_lines": []}}, "classes": {"AuthTypeEnum": {"executed_lines": [], "summary": {"covered_lines": 0, "num_statements": 0, "percent_covered": 100.0, "percent_covered_display": "100", "missing_lines": 0, "excluded_lines": 0}, "missing_lines": [], "excluded_lines": []}, "": {"executed_lines": [1, 3, 4, 7, 8, 14, 15, 16, 17, 18, 19, 20, 21, 22, 23, 27, 41], "summary": {"covered_lines": 15, "num_statements": 15, "percent_covered": 100.0, "percent_covered_display": "100", "missing_lines": 0, "excluded_lines": 0}, "missing_lines": [], "excluded_lines": []}}}, "python_postman/types/http_methods.py": {"executed_lines": [1, 3, 4, 7, 8, 14, 15, 16, 17, 18, 19, 20, 21, 22, 26, 39], "summary": {"covered_lines": 14, "num_statements": 14, "percent_covered": 100.0, "percent_covered_display": "100", "missing_lines": 0, "excluded_lines": 0}, "missing_lines": [], "excluded_lines": [], "functions": {"": {"executed_lines": [1, 3, 4, 7, 8, 14, 15, 16, 17, 18, 19, 20, 21, 22, 26, 39], "summary": {"covered_lines": 14, "num_statements": 14, "percent_covered": 100.0, "percent_covered_display": "100", "missing_lines": 0, "excluded_lines": 0}, "missing_lines": [], "excluded_lines": []}}, "classes": {"HttpMethod": {"executed_lines": [], "summary": {"covered_lines": 0, "num_statements": 0, "percent_covered": 100.0, "percent_covered_display": "100", "missing_lines": 0, "excluded_lines": 0}, "missing_lines": [], "excluded_lines": []}, "": {"executed_lines": [1, 3, 4, 7, 8, 14, 15, 16, 17, 18, 19, 20, 21, 22, 26, 39], "summary": {"covered_lines": 14, "num_statements": 14, "percent_covered": 100.0, "percent_covered_display": "100", "missing_lines": 0, "excluded_lines": 0}, "missing_lines": [], "excluded_lines": []}}}, "python_postman/utils/__init__.py": {"executed_lines": [1, 5, 6, 8], "summary": {"covered_lines": 3, "num_statements": 3, "percent_covered": 100.0, "percent_covered_display": "100", "missing_lines": 0, "excluded_lines": 0}, "missing_lines": [], "excluded_lines": [], "functions": {"": {"executed_lines": [1, 5, 6, 8], "summary": {"covered_lines": 3, "num_statements": 3, "percent_covered": 100.0, "percent_covered_display": "100", "missing_lines": 0, "excluded_lines": 0}, "missing_lines": [], "excluded_lines": []}}, "classes": {"": {"executed_lines": [1, 5, 6, 8], "summary": {"covered_lines": 3, "num_statements": 3, "percent_covered": 100.0, "percent_covered_display": "100", "missing_lines": 0, "excluded_lines": 0}, "missing_lines": [], "excluded_lines": []}}}, "python_postman/utils/json_parser.py": {"executed_lines": [1, 5, 6, 7, 8, 11, 24, 25, 30, 31, 36, 37, 40, 41, 46, 48, 50, 51, 53, 66, 80, 82, 83, 88, 89, 94, 95, 96, 98, 100, 101, 105, 106, 112, 126, 129, 130, 132, 133, 136, 137, 139], "summary": {"covered_lines": 41, "num_statements": 42, "percent_covered": 97.61904761904762, "percent_covered_display": "98", "missing_lines": 1, "excluded_lines": 0}, "missing_lines": [127], "excluded_lines": [], "functions": {"parse_json_safely": {"executed_lines": [24, 25, 30, 31, 36, 37, 40, 41, 46, 48, 50, 51, 53], "summary": {"covered_lines": 13, "num_statements": 13, "percent_covered": 100.0, "percent_covered_display": "100", "missing_lines": 0, "excluded_lines": 0}, "missing_lines": [], "excluded_lines": []}, "load_json_file": {"executed_lines": [80, 82, 83, 88, 89, 94, 95, 96, 98, 100, 101, 105, 106], "summary": {"covered_lines": 13, "num_statements": 13, "percent_covered": 100.0, "percent_covered_display": "100", "missing_lines": 0, "excluded_lines": 0}, "missing_lines": [], "excluded_lines": []}, "_get_error_context": {"executed_lines": [126, 129, 130, 132, 133, 136, 137, 139], "summary": {"covered_lines": 8, "num_statements": 9, "percent_covered": 88.88888888888889, "percent_covered_display": "89", "missing_lines": 1, "excluded_lines": 0}, "missing_lines": [127], "excluded_lines": []}, "": {"executed_lines": [1, 5, 6, 7, 8, 11, 66, 112], "summary": {"covered_lines": 7, "num_statements": 7, "percent_covered": 100.0, "percent_covered_display": "100", "missing_lines": 0, "excluded_lines": 0}, "missing_lines": [], "excluded_lines": []}}, "classes": {"": {"executed_lines": [1, 5, 6, 7, 8, 11, 24, 25, 30, 31, 36, 37, 40, 41, 46, 48, 50, 51, 53, 66, 80, 82, 83, 88, 89, 94, 95, 96, 98, 100, 101, 105, 106, 112, 126, 129, 130, 132, 133, 136, 137, 139], "summary": {"covered_lines": 41, "num_statements": 42, "percent_covered": 97.61904761904762, "percent_covered_display": "98", "missing_lines": 1, "excluded_lines": 0}, "missing_lines": [127], "excluded_lines": []}}}, "python_postman/utils/validators.py": {"executed_lines": [1, 5, 8, 9, 13, 31, 35], "summary": {"covered_lines": 5, "num_statements": 11, "percent_covered": 45.45454545454545, "percent_covered_display": "45", "missing_lines": 6, "excluded_lines": 0}, "missing_lines": [27, 28, 29, 32, 33, 36], "excluded_lines": [], "functions": {"ValidationResult.__init__": {"executed_lines": [], "summary": {"covered_lines": 0, "num_statements": 3, "percent_covered": 0.0, "percent_covered_display": "0", "missing_lines": 3, "excluded_lines": 0}, "missing_lines": [27, 28, 29], "excluded_lines": []}, "ValidationResult.__str__": {"executed_lines": [], "summary": {"covered_lines": 0, "num_statements": 2, "percent_covered": 0.0, "percent_covered_display": "0", "missing_lines": 2, "excluded_lines": 0}, "missing_lines": [32, 33], "excluded_lines": []}, "ValidationResult.__repr__": {"executed_lines": [], "summary": {"covered_lines": 0, "num_statements": 1, "percent_covered": 0.0, "percent_covered_display": "0", "missing_lines": 1, "excluded_lines": 0}, "missing_lines": [36], "excluded_lines": []}, "": {"executed_lines": [1, 5, 8, 9, 13, 31, 35], "summary": {"covered_lines": 5, "num_statements": 5, "percent_covered": 100.0, "percent_covered_display": "100", "missing_lines": 0, "excluded_lines": 0}, "missing_lines": [], "excluded_lines": []}}, "classes": {"ValidationResult": {"executed_lines": [], "summary": {"covered_lines": 0, "num_statements": 6, "percent_covered": 0.0, "percent_covered_display": "0", "missing_lines": 6, "excluded_lines": 0}, "missing_lines": [27, 28, 29, 32, 33, 36], "excluded_lines": []}, "": {"executed_lines": [1, 5, 8, 9, 13, 31, 35], "summary": {"covered_lines": 5, "num_statements": 5, "percent_covered": 100.0, "percent_covered_display": "100", "missing_lines": 0, "excluded_lines": 0}, "missing_lines": [], "excluded_lines": []}}}}, "totals": {"covered_lines": 3157, "num_statements": 3464, "percent_covered": 91.13741339491916, "percent_covered_display": "91", "missing_lines": 307, "excluded_lines": 36}}